<testsuites name="pytest tests"><testsuite name="pytest" errors="0" failures="0" skipped="0" tests="52" time="5.572" timestamp="2026-08-08T20:07:11.322191+00:00" hostname="vm"><testcase classname="tests.api.test_items_contract" name="test_create_returns_201_and_echoes_the_payload" time="0.011" /><testcase classname="tests.api.test_items_contract" name="test_description_is_optional_and_comes_back_null" time="0.011" /><testcase classname="tests.api.test_items_contract" name="test_name_is_trimmed" time="0.011" /><testcase classname="tests.api.test_items_contract" name="test_duplicate_name_returns_409" time="0.011" /><testcase classname="tests.api.test_items_contract" name="test_invalid_payloads_return_422[name-missing]" time="0.011" /><testcase classname="tests.api.test_items_contract" name="test_invalid_payloads_return_422[name-empty]" time="0.011" /><testcase classname="tests.api.test_items_contract" name="test_invalid_payloads_return_422[name-whitespace-only]" time="0.011" /><testcase classname="tests.api.test_items_contract" name="test_invalid_payloads_return_422[name-too-long]" time="0.011" /><testcase classname="tests.api.test_items_contract" name="test_invalid_payloads_return_422[name-null]" time="0.011" /><testcase classname="tests.api.test_items_contract" name="test_invalid_payloads_return_422[name-not-a-string]" time="0.011" /><testcase classname="tests.api.test_items_contract" name="test_invalid_payloads_return_422[unknown-field]" time="0.011" /><testcase classname="tests.api.test_items_contract" name="test_invalid_payloads_return_422[description-too-long]" time="0.011" /><testcase classname="tests.api.test_items_contract" name="test_get_by_id_returns_the_item" time="0.011" /><testcase classname="tests.api.test_items_contract" name="test_get_unknown_id_returns_404" time="0.011" /><testcase classname="tests.api.test_items_contract" name="test_get_non_numeric_id_returns_422" time="0.011" /><testcase classname="tests.api.test_items_contract" name="test_list_is_an_envelope_with_the_pagination_fields" time="0.011" /><testcase classname="tests.api.test_items_contract" name="test_count_never_exceeds_the_limit_and_total_never_falls_below_count" time="0.011" /><testcase classname="tests.api.test_items_contract" name="test_a_created_item_is_reachable_by_paging" time="0.011" /><testcase classname="tests.api.test_items_contract" name="test_pages_neither_lose_nor_repeat_rows" time="0.011" /><testcase classname="tests.api.test_items_contract" name="test_the_list_is_ordered_by_id_within_a_page" time="0.011" /><testcase classname="tests.api.test_items_contract" name="test_the_order_holds_across_a_page_boundary" time="0.011" /><testcase classname="tests.api.test_items_contract" name="test_an_offset_past_the_end_is_an_empty_page_not_an_error" time="0.011" /><testcase classname="tests.api.test_items_contract" name="test_invalid_pagination_returns_422[limit-below-minimum]" time="0.011" /><testcase classname="tests.api.test_items_contract" name="test_invalid_pagination_returns_422[limit-above-maximum]" time="0.011" /><testcase classname="tests.api.test_items_contract" name="test_invalid_pagination_returns_422[limit-negative]" time="0.011" /><testcase classname="tests.api.test_items_contract" name="test_invalid_pagination_returns_422[limit-not-a-number]" time="0.011" /><testcase classname="tests.api.test_items_contract" name="test_invalid_pagination_returns_422[offset-negative]" time="0.011" /><testcase classname="tests.api.test_items_contract" name="test_invalid_pagination_returns_422[offset-not-a-number]" time="0.011" /><testcase classname="tests.api.test_items_contract" name="test_patch_changes_only_the_field_that_was_sent" time="0.011" /><testcase classname="tests.api.test_items_contract" name="test_patch_can_rename_without_clearing_the_description" time="0.011" /><testcase classname="tests.api.test_items_contract" name="test_an_explicit_null_clears_the_description" time="0.011" /><testcase classname="tests.api.test_items_contract" name="test_patch_trims_the_name" time="0.011" /><testcase classname="tests.api.test_items_contract" name="test_patch_moves_updated_at_and_leaves_created_at_alone" time="0.011" /><testcase classname="tests.api.test_items_contract" name="test_patch_persists_and_is_not_just_echoed" time="0.011" /><testcase classname="tests.api.test_items_contract" name="test_patch_onto_a_taken_name_returns_409_and_changes_nothing" time="0.011" /><testcase classname="tests.api.test_items_contract" name="test_patch_unknown_id_returns_404" time="0.011" /><testcase classname="tests.api.test_items_contract" name="test_patch_non_numeric_id_returns_422" time="0.011" /><testcase classname="tests.api.test_items_contract" name="test_invalid_patches_return_422[empty-patch]" time="0.011" /><testcase classname="tests.api.test_items_contract" name="test_invalid_patches_return_422[name-null]" time="0.011" /><testcase classname="tests.api.test_items_contract" name="test_invalid_patches_return_422[name-empty]" time="0.011" /><testcase classname="tests.api.test_items_contract" name="test_invalid_patches_return_422[name-whitespace-only]" time="0.011" /><testcase classname="tests.api.test_items_contract" name="test_invalid_patches_return_422[name-too-long]" time="0.011" /><testcase classname="tests.api.test_items_contract" name="test_invalid_patches_return_422[name-not-a-string]" time="0.011" /><testcase classname="tests.api.test_items_contract" name="test_invalid_patches_return_422[description-too-long]" time="0.011" /><testcase classname="tests.api.test_items_contract" name="test_invalid_patches_return_422[unknown-field]" time="0.011" /><testcase classname="tests.api.test_items_contract" name="test_a_refused_patch_leaves_the_row_untouched" time="0.011" /><testcase classname="tests.api.test_items_contract" name="test_delete_returns_204_and_the_item_disappears" time="0.011" /><testcase classname="tests.api.test_items_contract" name="test_delete_frees_the_name_for_reuse" time="0.011" /><testcase classname="tests.api.test_items_contract" name="test_delete_unknown_id_returns_404" time="0.011" /><testcase classname="tests.api.test_items_contract" name="test_delete_non_numeric_id_returns_422" time="0.011" /><testcase classname="tests.api.test_request_id" name="test_the_response_carries_a_request_id" time="0.011" /><testcase classname="tests.api.test_request_id" name="test_an_inbound_request_id_comes_back_unchanged" time="0.011" /><testcase name="test_something_nobody_collected" time="0.5" /></testsuite></testsuites>