<testsuites name="pytest tests"><testsuite name="pytest" errors="0" failures="0" skipped="0" tests="52" time="5.572" timestamp="2026-08-08T20:07:11.322191+00:00" hostname="vm"><testcase classname="tests.api.test_items_contract" name="test_create_returns_201_and_echoes_the_payload" time="0.011" /><testcase classname="tests.api.test_items_contract" name="test_description_is_optional_and_comes_back_null" time="0.011" /><testcase classname="tests.api.test_items_contract" name="test_name_is_trimmed" time="0.011" /></testsuite></testsuites>