<?xml version="1.0" encoding="utf-8"?><testsuites name="pytest tests"><testsuite name="pytest" errors="0" failures="52" skipped="0" tests="52" time="5.572" timestamp="2026-08-08T20:07:11.322191+00:00" hostname="vm"><testcase classname="tests.api.test_items_contract" name="test_create_returns_201_and_echoes_the_payload" time="0.053"><failure message="httpx.ConnectError: [Errno 111] Connection refused">@contextlib.contextmanager
    def map_httpcore_exceptions() -&gt; typing.Iterator[None]:
        global HTTPCORE_EXC_MAP
        if len(HTTPCORE_EXC_MAP) == 0:
            HTTPCORE_EXC_MAP = _load_httpcore_exceptions()
        try:
&gt;           yield

.venv-api/lib/python3.11/site-packages/httpx/_transports/default.py:101: 
_ _ _ _ _ _ _ _ _ _ _ _ _ _ _ _ _ _ _ _ _ _ _ _ _ _ _ _ _ _ _ _ _ _ _ _ _ _ _ _ 
.venv-api/lib/python3.11/site-packages/httpx/_transports/default.py:250: in handle_request
    resp = self._pool.handle_request(req)
           ^^^^^^^^^^^^^^^^^^^^^^^^^^^^^^
.venv-api/lib/python3.11/site-packages/httpcore/_sync/connection_pool.py:256: in handle_request
    raise exc from None
.venv-api/lib/python3.11/site-packages/httpcore/_sync/connection_pool.py:236: in handle_request
    response = connection.handle_request(
.venv-api/lib/python3.11/site-packages/httpcore/_sync/connection.py:101: in handle_request
    raise exc
.venv-api/lib/python3.11/site-packages/httpcore/_sync/connection.py:78: in handle_request
    stream = self._connect(request)
             ^^^^^^^^^^^^^^^^^^^^^^
.venv-api/lib/python3.11/site-packages/httpcore/_sync/connection.py:124: in _connect
    stream = self._network_backend.connect_tcp(**kwargs)
             ^^^^^^^^^^^^^^^^^^^^^^^^^^^^^^^^^^^^^^^^^^^
.venv-api/lib/python3.11/site-packages/httpcore/_backends/sync.py:207: in connect_tcp
    with map_exceptions(exc_map):
/usr/lib/python3.11/contextlib.py:158: in __exit__
    self.gen.throw(typ, value, traceback)
_ _ _ _ _ _ _ _ _ _ _ _ _ _ _ _ _ _ _ _ _ _ _ _ _ _ _ _ _ _ _ _ _ _ _ _ _ _ _ _ 

map = {&lt;class 'TimeoutError'&gt;: &lt;class 'httpcore.ConnectTimeout'&gt;, &lt;class 'OSError'&gt;: &lt;class 'httpcore.ConnectError'&gt;}

    @contextlib.contextmanager
    def map_exceptions(map: ExceptionMapping) -&gt; typing.Iterator[None]:
        try:
            yield
        except Exception as exc:  # noqa: PIE786
            for from_exc, to_exc in map.items():
                if isinstance(exc, from_exc):
&gt;                   raise to_exc(exc) from exc
E                   httpcore.ConnectError: [Errno 111] Connection refused

.venv-api/lib/python3.11/site-packages/httpcore/_exceptions.py:14: ConnectError

The above exception was the direct cause of the following exception:

client = &lt;httpx.Client object at 0x7f361b083ad0&gt;
unique_name = 'contract-d6004004a7ac', created_items = []

    def test_create_returns_201_and_echoes_the_payload(client, unique_name, created_items):
&gt;       res = client.post(
            "/api/items", json={"name": unique_name, "description": "created by pytest"}
        )

tests/api/test_items_contract.py:66: 
_ _ _ _ _ _ _ _ _ _ _ _ _ _ _ _ _ _ _ _ _ _ _ _ _ _ _ _ _ _ _ _ _ _ _ _ _ _ _ _ 
.venv-api/lib/python3.11/site-packages/httpx/_client.py:1144: in post
    return self.request(
.venv-api/lib/python3.11/site-packages/httpx/_client.py:825: in request
    return self.send(request, auth=auth, follow_redirects=follow_redirects)
           ^^^^^^^^^^^^^^^^^^^^^^^^^^^^^^^^^^^^^^^^^^^^^^^^^^^^^^^^^^^^^^^^
.venv-api/lib/python3.11/site-packages/httpx/_client.py:914: in send
    response = self._send_handling_auth(
.venv-api/lib/python3.11/site-packages/httpx/_client.py:942: in _send_handling_auth
    response = self._send_handling_redirects(
.venv-api/lib/python3.11/site-packages/httpx/_client.py:979: in _send_handling_redirects
    response = self._send_single_request(request)
               ^^^^^^^^^^^^^^^^^^^^^^^^^^^^^^^^^^
.venv-api/lib/python3.11/site-packages/httpx/_client.py:1014: in _send_single_request
    response = transport.handle_request(request)
               ^^^^^^^^^^^^^^^^^^^^^^^^^^^^^^^^^
.venv-api/lib/python3.11/site-packages/httpx/_transports/default.py:249: in handle_request
    with map_httpcore_exceptions():
/usr/lib/python3.11/contextlib.py:158: in __exit__
    self.gen.throw(typ, value, traceback)
_ _ _ _ _ _ _ _ _ _ _ _ _ _ _ _ _ _ _ _ _ _ _ _ _ _ _ _ _ _ _ _ _ _ _ _ _ _ _ _ 

    @contextlib.contextmanager
    def map_httpcore_exceptions() -&gt; typing.Iterator[None]:
        global HTTPCORE_EXC_MAP
        if len(HTTPCORE_EXC_MAP) == 0:
            HTTPCORE_EXC_MAP = _load_httpcore_exceptions()
        try:
            yield
        except Exception as exc:
            mapped_exc = None
    
            for from_exc, to_exc in HTTPCORE_EXC_MAP.items():
                if not isinstance(exc, from_exc):
                    continue
                # We want to map to the most specific exception we can find.
                # Eg if `exc` is an `httpcore.ReadTimeout`, we want to map to
                # `httpx.ReadTimeout`, not just `httpx.TimeoutException`.
                if mapped_exc is None or issubclass(to_exc, mapped_exc):
                    mapped_exc = to_exc
    
            if mapped_exc is None:  # pragma: no cover
                raise
    
            message = str(exc)
&gt;           raise mapped_exc(message) from exc
E           httpx.ConnectError: [Errno 111] Connection refused

.venv-api/lib/python3.11/site-packages/httpx/_transports/default.py:118: ConnectError</failure></testcase><testcase classname="tests.api.test_items_contract" name="test_description_is_optional_and_comes_back_null" time="0.021"><failure message="httpx.ConnectError: [Errno 111] Connection refused">@contextlib.contextmanager
    def map_httpcore_exceptions() -&gt; typing.Iterator[None]:
        global HTTPCORE_EXC_MAP
        if len(HTTPCORE_EXC_MAP) == 0:
            HTTPCORE_EXC_MAP = _load_httpcore_exceptions()
        try:
&gt;           yield

.venv-api/lib/python3.11/site-packages/httpx/_transports/default.py:101: 
_ _ _ _ _ _ _ _ _ _ _ _ _ _ _ _ _ _ _ _ _ _ _ _ _ _ _ _ _ _ _ _ _ _ _ _ _ _ _ _ 
.venv-api/lib/python3.11/site-packages/httpx/_transports/default.py:250: in handle_request
    resp = self._pool.handle_request(req)
           ^^^^^^^^^^^^^^^^^^^^^^^^^^^^^^
.venv-api/lib/python3.11/site-packages/httpcore/_sync/connection_pool.py:256: in handle_request
    raise exc from None
.venv-api/lib/python3.11/site-packages/httpcore/_sync/connection_pool.py:236: in handle_request
    response = connection.handle_request(
.venv-api/lib/python3.11/site-packages/httpcore/_sync/connection.py:101: in handle_request
    raise exc
.venv-api/lib/python3.11/site-packages/httpcore/_sync/connection.py:78: in handle_request
    stream = self._connect(request)
             ^^^^^^^^^^^^^^^^^^^^^^
.venv-api/lib/python3.11/site-packages/httpcore/_sync/connection.py:124: in _connect
    stream = self._network_backend.connect_tcp(**kwargs)
             ^^^^^^^^^^^^^^^^^^^^^^^^^^^^^^^^^^^^^^^^^^^
.venv-api/lib/python3.11/site-packages/httpcore/_backends/sync.py:207: in connect_tcp
    with map_exceptions(exc_map):
/usr/lib/python3.11/contextlib.py:158: in __exit__
    self.gen.throw(typ, value, traceback)
_ _ _ _ _ _ _ _ _ _ _ _ _ _ _ _ _ _ _ _ _ _ _ _ _ _ _ _ _ _ _ _ _ _ _ _ _ _ _ _ 

map = {&lt;class 'TimeoutError'&gt;: &lt;class 'httpcore.ConnectTimeout'&gt;, &lt;class 'OSError'&gt;: &lt;class 'httpcore.ConnectError'&gt;}

    @contextlib.contextmanager
    def map_exceptions(map: ExceptionMapping) -&gt; typing.Iterator[None]:
        try:
            yield
        except Exception as exc:  # noqa: PIE786
            for from_exc, to_exc in map.items():
                if isinstance(exc, from_exc):
&gt;                   raise to_exc(exc) from exc
E                   httpcore.ConnectError: [Errno 111] Connection refused

.venv-api/lib/python3.11/site-packages/httpcore/_exceptions.py:14: ConnectError

The above exception was the direct cause of the following exception:

client = &lt;httpx.Client object at 0x7f3619bf0ad0&gt;
unique_name = 'contract-39c00ba090ca', created_items = []

    def test_description_is_optional_and_comes_back_null(
        client, unique_name, created_items
    ):
&gt;       res = client.post("/api/items", json={"name": unique_name})
              ^^^^^^^^^^^^^^^^^^^^^^^^^^^^^^^^^^^^^^^^^^^^^^^^^^^^^

tests/api/test_items_contract.py:83: 
_ _ _ _ _ _ _ _ _ _ _ _ _ _ _ _ _ _ _ _ _ _ _ _ _ _ _ _ _ _ _ _ _ _ _ _ _ _ _ _ 
.venv-api/lib/python3.11/site-packages/httpx/_client.py:1144: in post
    return self.request(
.venv-api/lib/python3.11/site-packages/httpx/_client.py:825: in request
    return self.send(request, auth=auth, follow_redirects=follow_redirects)
           ^^^^^^^^^^^^^^^^^^^^^^^^^^^^^^^^^^^^^^^^^^^^^^^^^^^^^^^^^^^^^^^^
.venv-api/lib/python3.11/site-packages/httpx/_client.py:914: in send
    response = self._send_handling_auth(
.venv-api/lib/python3.11/site-packages/httpx/_client.py:942: in _send_handling_auth
    response = self._send_handling_redirects(
.venv-api/lib/python3.11/site-packages/httpx/_client.py:979: in _send_handling_redirects
    response = self._send_single_request(request)
               ^^^^^^^^^^^^^^^^^^^^^^^^^^^^^^^^^^
.venv-api/lib/python3.11/site-packages/httpx/_client.py:1014: in _send_single_request
    response = transport.handle_request(request)
               ^^^^^^^^^^^^^^^^^^^^^^^^^^^^^^^^^
.venv-api/lib/python3.11/site-packages/httpx/_transports/default.py:249: in handle_request
    with map_httpcore_exceptions():
/usr/lib/python3.11/contextlib.py:158: in __exit__
    self.gen.throw(typ, value, traceback)
_ _ _ _ _ _ _ _ _ _ _ _ _ _ _ _ _ _ _ _ _ _ _ _ _ _ _ _ _ _ _ _ _ _ _ _ _ _ _ _ 

    @contextlib.contextmanager
    def map_httpcore_exceptions() -&gt; typing.Iterator[None]:
        global HTTPCORE_EXC_MAP
        if len(HTTPCORE_EXC_MAP) == 0:
            HTTPCORE_EXC_MAP = _load_httpcore_exceptions()
        try:
            yield
        except Exception as exc:
            mapped_exc = None
    
            for from_exc, to_exc in HTTPCORE_EXC_MAP.items():
                if not isinstance(exc, from_exc):
                    continue
                # We want to map to the most specific exception we can find.
                # Eg if `exc` is an `httpcore.ReadTimeout`, we want to map to
                # `httpx.ReadTimeout`, not just `httpx.TimeoutException`.
                if mapped_exc is None or issubclass(to_exc, mapped_exc):
                    mapped_exc = to_exc
    
            if mapped_exc is None:  # pragma: no cover
                raise
    
            message = str(exc)
&gt;           raise mapped_exc(message) from exc
E           httpx.ConnectError: [Errno 111] Connection refused

.venv-api/lib/python3.11/site-packages/httpx/_transports/default.py:118: ConnectError</failure></testcase><testcase classname="tests.api.test_items_contract" name="test_name_is_trimmed" time="0.021"><failure message="httpx.ConnectError: [Errno 111] Connection refused">@contextlib.contextmanager
    def map_httpcore_exceptions() -&gt; typing.Iterator[None]:
        global HTTPCORE_EXC_MAP
        if len(HTTPCORE_EXC_MAP) == 0:
            HTTPCORE_EXC_MAP = _load_httpcore_exceptions()
        try:
&gt;           yield

.venv-api/lib/python3.11/site-packages/httpx/_transports/default.py:101: 
_ _ _ _ _ _ _ _ _ _ _ _ _ _ _ _ _ _ _ _ _ _ _ _ _ _ _ _ _ _ _ _ _ _ _ _ _ _ _ _ 
.venv-api/lib/python3.11/site-packages/httpx/_transports/default.py:250: in handle_request
    resp = self._pool.handle_request(req)
           ^^^^^^^^^^^^^^^^^^^^^^^^^^^^^^
.venv-api/lib/python3.11/site-packages/httpcore/_sync/connection_pool.py:256: in handle_request
    raise exc from None
.venv-api/lib/python3.11/site-packages/httpcore/_sync/connection_pool.py:236: in handle_request
    response = connection.handle_request(
.venv-api/lib/python3.11/site-packages/httpcore/_sync/connection.py:101: in handle_request
    raise exc
.venv-api/lib/python3.11/site-packages/httpcore/_sync/connection.py:78: in handle_request
    stream = self._connect(request)
             ^^^^^^^^^^^^^^^^^^^^^^
.venv-api/lib/python3.11/site-packages/httpcore/_sync/connection.py:124: in _connect
    stream = self._network_backend.connect_tcp(**kwargs)
             ^^^^^^^^^^^^^^^^^^^^^^^^^^^^^^^^^^^^^^^^^^^
.venv-api/lib/python3.11/site-packages/httpcore/_backends/sync.py:207: in connect_tcp
    with map_exceptions(exc_map):
/usr/lib/python3.11/contextlib.py:158: in __exit__
    self.gen.throw(typ, value, traceback)
_ _ _ _ _ _ _ _ _ _ _ _ _ _ _ _ _ _ _ _ _ _ _ _ _ _ _ _ _ _ _ _ _ _ _ _ _ _ _ _ 

map = {&lt;class 'TimeoutError'&gt;: &lt;class 'httpcore.ConnectTimeout'&gt;, &lt;class 'OSError'&gt;: &lt;class 'httpcore.ConnectError'&gt;}

    @contextlib.contextmanager
    def map_exceptions(map: ExceptionMapping) -&gt; typing.Iterator[None]:
        try:
            yield
        except Exception as exc:  # noqa: PIE786
            for from_exc, to_exc in map.items():
                if isinstance(exc, from_exc):
&gt;                   raise to_exc(exc) from exc
E                   httpcore.ConnectError: [Errno 111] Connection refused

.venv-api/lib/python3.11/site-packages/httpcore/_exceptions.py:14: ConnectError

The above exception was the direct cause of the following exception:

client = &lt;httpx.Client object at 0x7f3619ea7dd0&gt;
unique_name = 'contract-5fd98cb1fdf7', created_items = []

    def test_name_is_trimmed(client, unique_name, created_items):
&gt;       res = client.post("/api/items", json={"name": f"  {unique_name}  "})
              ^^^^^^^^^^^^^^^^^^^^^^^^^^^^^^^^^^^^^^^^^^^^^^^^^^^^^^^^^^^^^^

tests/api/test_items_contract.py:91: 
_ _ _ _ _ _ _ _ _ _ _ _ _ _ _ _ _ _ _ _ _ _ _ _ _ _ _ _ _ _ _ _ _ _ _ _ _ _ _ _ 
.venv-api/lib/python3.11/site-packages/httpx/_client.py:1144: in post
    return self.request(
.venv-api/lib/python3.11/site-packages/httpx/_client.py:825: in request
    return self.send(request, auth=auth, follow_redirects=follow_redirects)
           ^^^^^^^^^^^^^^^^^^^^^^^^^^^^^^^^^^^^^^^^^^^^^^^^^^^^^^^^^^^^^^^^
.venv-api/lib/python3.11/site-packages/httpx/_client.py:914: in send
    response = self._send_handling_auth(
.venv-api/lib/python3.11/site-packages/httpx/_client.py:942: in _send_handling_auth
    response = self._send_handling_redirects(
.venv-api/lib/python3.11/site-packages/httpx/_client.py:979: in _send_handling_redirects
    response = self._send_single_request(request)
               ^^^^^^^^^^^^^^^^^^^^^^^^^^^^^^^^^^
.venv-api/lib/python3.11/site-packages/httpx/_client.py:1014: in _send_single_request
    response = transport.handle_request(request)
               ^^^^^^^^^^^^^^^^^^^^^^^^^^^^^^^^^
.venv-api/lib/python3.11/site-packages/httpx/_transports/default.py:249: in handle_request
    with map_httpcore_exceptions():
/usr/lib/python3.11/contextlib.py:158: in __exit__
    self.gen.throw(typ, value, traceback)
_ _ _ _ _ _ _ _ _ _ _ _ _ _ _ _ _ _ _ _ _ _ _ _ _ _ _ _ _ _ _ _ _ _ _ _ _ _ _ _ 

    @contextlib.contextmanager
    def map_httpcore_exceptions() -&gt; typing.Iterator[None]:
        global HTTPCORE_EXC_MAP
        if len(HTTPCORE_EXC_MAP) == 0:
            HTTPCORE_EXC_MAP = _load_httpcore_exceptions()
        try:
            yield
        except Exception as exc:
            mapped_exc = None
    
            for from_exc, to_exc in HTTPCORE_EXC_MAP.items():
                if not isinstance(exc, from_exc):
                    continue
                # We want to map to the most specific exception we can find.
                # Eg if `exc` is an `httpcore.ReadTimeout`, we want to map to
                # `httpx.ReadTimeout`, not just `httpx.TimeoutException`.
                if mapped_exc is None or issubclass(to_exc, mapped_exc):
                    mapped_exc = to_exc
    
            if mapped_exc is None:  # pragma: no cover
                raise
    
            message = str(exc)
&gt;           raise mapped_exc(message) from exc
E           httpx.ConnectError: [Errno 111] Connection refused

.venv-api/lib/python3.11/site-packages/httpx/_transports/default.py:118: ConnectError</failure></testcase><testcase classname="tests.api.test_items_contract" name="test_duplicate_name_returns_409" time="0.021"><failure message="httpx.ConnectError: [Errno 111] Connection refused">@contextlib.contextmanager
    def map_httpcore_exceptions() -&gt; typing.Iterator[None]:
        global HTTPCORE_EXC_MAP
        if len(HTTPCORE_EXC_MAP) == 0:
            HTTPCORE_EXC_MAP = _load_httpcore_exceptions()
        try:
&gt;           yield

.venv-api/lib/python3.11/site-packages/httpx/_transports/default.py:101: 
_ _ _ _ _ _ _ _ _ _ _ _ _ _ _ _ _ _ _ _ _ _ _ _ _ _ _ _ _ _ _ _ _ _ _ _ _ _ _ _ 
.venv-api/lib/python3.11/site-packages/httpx/_transports/default.py:250: in handle_request
    resp = self._pool.handle_request(req)
           ^^^^^^^^^^^^^^^^^^^^^^^^^^^^^^
.venv-api/lib/python3.11/site-packages/httpcore/_sync/connection_pool.py:256: in handle_request
    raise exc from None
.venv-api/lib/python3.11/site-packages/httpcore/_sync/connection_pool.py:236: in handle_request
    response = connection.handle_request(
.venv-api/lib/python3.11/site-packages/httpcore/_sync/connection.py:101: in handle_request
    raise exc
.venv-api/lib/python3.11/site-packages/httpcore/_sync/connection.py:78: in handle_request
    stream = self._connect(request)
             ^^^^^^^^^^^^^^^^^^^^^^
.venv-api/lib/python3.11/site-packages/httpcore/_sync/connection.py:124: in _connect
    stream = self._network_backend.connect_tcp(**kwargs)
             ^^^^^^^^^^^^^^^^^^^^^^^^^^^^^^^^^^^^^^^^^^^
.venv-api/lib/python3.11/site-packages/httpcore/_backends/sync.py:207: in connect_tcp
    with map_exceptions(exc_map):
/usr/lib/python3.11/contextlib.py:158: in __exit__
    self.gen.throw(typ, value, traceback)
_ _ _ _ _ _ _ _ _ _ _ _ _ _ _ _ _ _ _ _ _ _ _ _ _ _ _ _ _ _ _ _ _ _ _ _ _ _ _ _ 

map = {&lt;class 'TimeoutError'&gt;: &lt;class 'httpcore.ConnectTimeout'&gt;, &lt;class 'OSError'&gt;: &lt;class 'httpcore.ConnectError'&gt;}

    @contextlib.contextmanager
    def map_exceptions(map: ExceptionMapping) -&gt; typing.Iterator[None]:
        try:
            yield
        except Exception as exc:  # noqa: PIE786
            for from_exc, to_exc in map.items():
                if isinstance(exc, from_exc):
&gt;                   raise to_exc(exc) from exc
E                   httpcore.ConnectError: [Errno 111] Connection refused

.venv-api/lib/python3.11/site-packages/httpcore/_exceptions.py:14: ConnectError

The above exception was the direct cause of the following exception:

client = &lt;httpx.Client object at 0x7f3619c252d0&gt;
unique_name = 'contract-e4ddadca6ac5', created_items = []

    def test_duplicate_name_returns_409(client, unique_name, created_items):
&gt;       first = client.post("/api/items", json={"name": unique_name})
                ^^^^^^^^^^^^^^^^^^^^^^^^^^^^^^^^^^^^^^^^^^^^^^^^^^^^^

tests/api/test_items_contract.py:99: 
_ _ _ _ _ _ _ _ _ _ _ _ _ _ _ _ _ _ _ _ _ _ _ _ _ _ _ _ _ _ _ _ _ _ _ _ _ _ _ _ 
.venv-api/lib/python3.11/site-packages/httpx/_client.py:1144: in post
    return self.request(
.venv-api/lib/python3.11/site-packages/httpx/_client.py:825: in request
    return self.send(request, auth=auth, follow_redirects=follow_redirects)
           ^^^^^^^^^^^^^^^^^^^^^^^^^^^^^^^^^^^^^^^^^^^^^^^^^^^^^^^^^^^^^^^^
.venv-api/lib/python3.11/site-packages/httpx/_client.py:914: in send
    response = self._send_handling_auth(
.venv-api/lib/python3.11/site-packages/httpx/_client.py:942: in _send_handling_auth
    response = self._send_handling_redirects(
.venv-api/lib/python3.11/site-packages/httpx/_client.py:979: in _send_handling_redirects
    response = self._send_single_request(request)
               ^^^^^^^^^^^^^^^^^^^^^^^^^^^^^^^^^^
.venv-api/lib/python3.11/site-packages/httpx/_client.py:1014: in _send_single_request
    response = transport.handle_request(request)
               ^^^^^^^^^^^^^^^^^^^^^^^^^^^^^^^^^
.venv-api/lib/python3.11/site-packages/httpx/_transports/default.py:249: in handle_request
    with map_httpcore_exceptions():
/usr/lib/python3.11/contextlib.py:158: in __exit__
    self.gen.throw(typ, value, traceback)
_ _ _ _ _ _ _ _ _ _ _ _ _ _ _ _ _ _ _ _ _ _ _ _ _ _ _ _ _ _ _ _ _ _ _ _ _ _ _ _ 

    @contextlib.contextmanager
    def map_httpcore_exceptions() -&gt; typing.Iterator[None]:
        global HTTPCORE_EXC_MAP
        if len(HTTPCORE_EXC_MAP) == 0:
            HTTPCORE_EXC_MAP = _load_httpcore_exceptions()
        try:
            yield
        except Exception as exc:
            mapped_exc = None
    
            for from_exc, to_exc in HTTPCORE_EXC_MAP.items():
                if not isinstance(exc, from_exc):
                    continue
                # We want to map to the most specific exception we can find.
                # Eg if `exc` is an `httpcore.ReadTimeout`, we want to map to
                # `httpx.ReadTimeout`, not just `httpx.TimeoutException`.
                if mapped_exc is None or issubclass(to_exc, mapped_exc):
                    mapped_exc = to_exc
    
            if mapped_exc is None:  # pragma: no cover
                raise
    
            message = str(exc)
&gt;           raise mapped_exc(message) from exc
E           httpx.ConnectError: [Errno 111] Connection refused

.venv-api/lib/python3.11/site-packages/httpx/_transports/default.py:118: ConnectError</failure></testcase><testcase classname="tests.api.test_items_contract" name="test_invalid_payloads_return_422[name-missing]" time="0.020"><failure message="httpx.ConnectError: [Errno 111] Connection refused">@contextlib.contextmanager
    def map_httpcore_exceptions() -&gt; typing.Iterator[None]:
        global HTTPCORE_EXC_MAP
        if len(HTTPCORE_EXC_MAP) == 0:
            HTTPCORE_EXC_MAP = _load_httpcore_exceptions()
        try:
&gt;           yield

.venv-api/lib/python3.11/site-packages/httpx/_transports/default.py:101: 
_ _ _ _ _ _ _ _ _ _ _ _ _ _ _ _ _ _ _ _ _ _ _ _ _ _ _ _ _ _ _ _ _ _ _ _ _ _ _ _ 
.venv-api/lib/python3.11/site-packages/httpx/_transports/default.py:250: in handle_request
    resp = self._pool.handle_request(req)
           ^^^^^^^^^^^^^^^^^^^^^^^^^^^^^^
.venv-api/lib/python3.11/site-packages/httpcore/_sync/connection_pool.py:256: in handle_request
    raise exc from None
.venv-api/lib/python3.11/site-packages/httpcore/_sync/connection_pool.py:236: in handle_request
    response = connection.handle_request(
.venv-api/lib/python3.11/site-packages/httpcore/_sync/connection.py:101: in handle_request
    raise exc
.venv-api/lib/python3.11/site-packages/httpcore/_sync/connection.py:78: in handle_request
    stream = self._connect(request)
             ^^^^^^^^^^^^^^^^^^^^^^
.venv-api/lib/python3.11/site-packages/httpcore/_sync/connection.py:124: in _connect
    stream = self._network_backend.connect_tcp(**kwargs)
             ^^^^^^^^^^^^^^^^^^^^^^^^^^^^^^^^^^^^^^^^^^^
.venv-api/lib/python3.11/site-packages/httpcore/_backends/sync.py:207: in connect_tcp
    with map_exceptions(exc_map):
/usr/lib/python3.11/contextlib.py:158: in __exit__
    self.gen.throw(typ, value, traceback)
_ _ _ _ _ _ _ _ _ _ _ _ _ _ _ _ _ _ _ _ _ _ _ _ _ _ _ _ _ _ _ _ _ _ _ _ _ _ _ _ 

map = {&lt;class 'TimeoutError'&gt;: &lt;class 'httpcore.ConnectTimeout'&gt;, &lt;class 'OSError'&gt;: &lt;class 'httpcore.ConnectError'&gt;}

    @contextlib.contextmanager
    def map_exceptions(map: ExceptionMapping) -&gt; typing.Iterator[None]:
        try:
            yield
        except Exception as exc:  # noqa: PIE786
            for from_exc, to_exc in map.items():
                if isinstance(exc, from_exc):
&gt;                   raise to_exc(exc) from exc
E                   httpcore.ConnectError: [Errno 111] Connection refused

.venv-api/lib/python3.11/site-packages/httpcore/_exceptions.py:14: ConnectError

The above exception was the direct cause of the following exception:

client = &lt;httpx.Client object at 0x7f3619c75410&gt;, payload = {}

    @pytest.mark.parametrize(
        "payload",
        [
            pytest.param({}, id="name-missing"),
            pytest.param({"name": ""}, id="name-empty"),
            pytest.param({"name": "   "}, id="name-whitespace-only"),
            pytest.param({"name": "x" * 201}, id="name-too-long"),
            pytest.param({"name": None}, id="name-null"),
            pytest.param({"name": 42}, id="name-not-a-string"),
            pytest.param({"name": "ok", "nope": "unknown field"}, id="unknown-field"),
            pytest.param(
                {"name": "ok", "description": "d" * 2001}, id="description-too-long"
            ),
        ],
    )
    def test_invalid_payloads_return_422(client, payload):
&gt;       res = client.post("/api/items", json=payload)
              ^^^^^^^^^^^^^^^^^^^^^^^^^^^^^^^^^^^^^^^

tests/api/test_items_contract.py:123: 
_ _ _ _ _ _ _ _ _ _ _ _ _ _ _ _ _ _ _ _ _ _ _ _ _ _ _ _ _ _ _ _ _ _ _ _ _ _ _ _ 
.venv-api/lib/python3.11/site-packages/httpx/_client.py:1144: in post
    return self.request(
.venv-api/lib/python3.11/site-packages/httpx/_client.py:825: in request
    return self.send(request, auth=auth, follow_redirects=follow_redirects)
           ^^^^^^^^^^^^^^^^^^^^^^^^^^^^^^^^^^^^^^^^^^^^^^^^^^^^^^^^^^^^^^^^
.venv-api/lib/python3.11/site-packages/httpx/_client.py:914: in send
    response = self._send_handling_auth(
.venv-api/lib/python3.11/site-packages/httpx/_client.py:942: in _send_handling_auth
    response = self._send_handling_redirects(
.venv-api/lib/python3.11/site-packages/httpx/_client.py:979: in _send_handling_redirects
    response = self._send_single_request(request)
               ^^^^^^^^^^^^^^^^^^^^^^^^^^^^^^^^^^
.venv-api/lib/python3.11/site-packages/httpx/_client.py:1014: in _send_single_request
    response = transport.handle_request(request)
               ^^^^^^^^^^^^^^^^^^^^^^^^^^^^^^^^^
.venv-api/lib/python3.11/site-packages/httpx/_transports/default.py:249: in handle_request
    with map_httpcore_exceptions():
/usr/lib/python3.11/contextlib.py:158: in __exit__
    self.gen.throw(typ, value, traceback)
_ _ _ _ _ _ _ _ _ _ _ _ _ _ _ _ _ _ _ _ _ _ _ _ _ _ _ _ _ _ _ _ _ _ _ _ _ _ _ _ 

    @contextlib.contextmanager
    def map_httpcore_exceptions() -&gt; typing.Iterator[None]:
        global HTTPCORE_EXC_MAP
        if len(HTTPCORE_EXC_MAP) == 0:
            HTTPCORE_EXC_MAP = _load_httpcore_exceptions()
        try:
            yield
        except Exception as exc:
            mapped_exc = None
    
            for from_exc, to_exc in HTTPCORE_EXC_MAP.items():
                if not isinstance(exc, from_exc):
                    continue
                # We want to map to the most specific exception we can find.
                # Eg if `exc` is an `httpcore.ReadTimeout`, we want to map to
                # `httpx.ReadTimeout`, not just `httpx.TimeoutException`.
                if mapped_exc is None or issubclass(to_exc, mapped_exc):
                    mapped_exc = to_exc
    
            if mapped_exc is None:  # pragma: no cover
                raise
    
            message = str(exc)
&gt;           raise mapped_exc(message) from exc
E           httpx.ConnectError: [Errno 111] Connection refused

.venv-api/lib/python3.11/site-packages/httpx/_transports/default.py:118: ConnectError</failure></testcase><testcase classname="tests.api.test_items_contract" name="test_invalid_payloads_return_422[name-empty]" time="0.020"><failure message="httpx.ConnectError: [Errno 111] Connection refused">@contextlib.contextmanager
    def map_httpcore_exceptions() -&gt; typing.Iterator[None]:
        global HTTPCORE_EXC_MAP
        if len(HTTPCORE_EXC_MAP) == 0:
            HTTPCORE_EXC_MAP = _load_httpcore_exceptions()
        try:
&gt;           yield

.venv-api/lib/python3.11/site-packages/httpx/_transports/default.py:101: 
_ _ _ _ _ _ _ _ _ _ _ _ _ _ _ _ _ _ _ _ _ _ _ _ _ _ _ _ _ _ _ _ _ _ _ _ _ _ _ _ 
.venv-api/lib/python3.11/site-packages/httpx/_transports/default.py:250: in handle_request
    resp = self._pool.handle_request(req)
           ^^^^^^^^^^^^^^^^^^^^^^^^^^^^^^
.venv-api/lib/python3.11/site-packages/httpcore/_sync/connection_pool.py:256: in handle_request
    raise exc from None
.venv-api/lib/python3.11/site-packages/httpcore/_sync/connection_pool.py:236: in handle_request
    response = connection.handle_request(
.venv-api/lib/python3.11/site-packages/httpcore/_sync/connection.py:101: in handle_request
    raise exc
.venv-api/lib/python3.11/site-packages/httpcore/_sync/connection.py:78: in handle_request
    stream = self._connect(request)
             ^^^^^^^^^^^^^^^^^^^^^^
.venv-api/lib/python3.11/site-packages/httpcore/_sync/connection.py:124: in _connect
    stream = self._network_backend.connect_tcp(**kwargs)
             ^^^^^^^^^^^^^^^^^^^^^^^^^^^^^^^^^^^^^^^^^^^
.venv-api/lib/python3.11/site-packages/httpcore/_backends/sync.py:207: in connect_tcp
    with map_exceptions(exc_map):
/usr/lib/python3.11/contextlib.py:158: in __exit__
    self.gen.throw(typ, value, traceback)
_ _ _ _ _ _ _ _ _ _ _ _ _ _ _ _ _ _ _ _ _ _ _ _ _ _ _ _ _ _ _ _ _ _ _ _ _ _ _ _ 

map = {&lt;class 'TimeoutError'&gt;: &lt;class 'httpcore.ConnectTimeout'&gt;, &lt;class 'OSError'&gt;: &lt;class 'httpcore.ConnectError'&gt;}

    @contextlib.contextmanager
    def map_exceptions(map: ExceptionMapping) -&gt; typing.Iterator[None]:
        try:
            yield
        except Exception as exc:  # noqa: PIE786
            for from_exc, to_exc in map.items():
                if isinstance(exc, from_exc):
&gt;                   raise to_exc(exc) from exc
E                   httpcore.ConnectError: [Errno 111] Connection refused

.venv-api/lib/python3.11/site-packages/httpcore/_exceptions.py:14: ConnectError

The above exception was the direct cause of the following exception:

client = &lt;httpx.Client object at 0x7f3619e64e10&gt;, payload = {'name': ''}

    @pytest.mark.parametrize(
        "payload",
        [
            pytest.param({}, id="name-missing"),
            pytest.param({"name": ""}, id="name-empty"),
            pytest.param({"name": "   "}, id="name-whitespace-only"),
            pytest.param({"name": "x" * 201}, id="name-too-long"),
            pytest.param({"name": None}, id="name-null"),
            pytest.param({"name": 42}, id="name-not-a-string"),
            pytest.param({"name": "ok", "nope": "unknown field"}, id="unknown-field"),
            pytest.param(
                {"name": "ok", "description": "d" * 2001}, id="description-too-long"
            ),
        ],
    )
    def test_invalid_payloads_return_422(client, payload):
&gt;       res = client.post("/api/items", json=payload)
              ^^^^^^^^^^^^^^^^^^^^^^^^^^^^^^^^^^^^^^^

tests/api/test_items_contract.py:123: 
_ _ _ _ _ _ _ _ _ _ _ _ _ _ _ _ _ _ _ _ _ _ _ _ _ _ _ _ _ _ _ _ _ _ _ _ _ _ _ _ 
.venv-api/lib/python3.11/site-packages/httpx/_client.py:1144: in post
    return self.request(
.venv-api/lib/python3.11/site-packages/httpx/_client.py:825: in request
    return self.send(request, auth=auth, follow_redirects=follow_redirects)
           ^^^^^^^^^^^^^^^^^^^^^^^^^^^^^^^^^^^^^^^^^^^^^^^^^^^^^^^^^^^^^^^^
.venv-api/lib/python3.11/site-packages/httpx/_client.py:914: in send
    response = self._send_handling_auth(
.venv-api/lib/python3.11/site-packages/httpx/_client.py:942: in _send_handling_auth
    response = self._send_handling_redirects(
.venv-api/lib/python3.11/site-packages/httpx/_client.py:979: in _send_handling_redirects
    response = self._send_single_request(request)
               ^^^^^^^^^^^^^^^^^^^^^^^^^^^^^^^^^^
.venv-api/lib/python3.11/site-packages/httpx/_client.py:1014: in _send_single_request
    response = transport.handle_request(request)
               ^^^^^^^^^^^^^^^^^^^^^^^^^^^^^^^^^
.venv-api/lib/python3.11/site-packages/httpx/_transports/default.py:249: in handle_request
    with map_httpcore_exceptions():
/usr/lib/python3.11/contextlib.py:158: in __exit__
    self.gen.throw(typ, value, traceback)
_ _ _ _ _ _ _ _ _ _ _ _ _ _ _ _ _ _ _ _ _ _ _ _ _ _ _ _ _ _ _ _ _ _ _ _ _ _ _ _ 

    @contextlib.contextmanager
    def map_httpcore_exceptions() -&gt; typing.Iterator[None]:
        global HTTPCORE_EXC_MAP
        if len(HTTPCORE_EXC_MAP) == 0:
            HTTPCORE_EXC_MAP = _load_httpcore_exceptions()
        try:
            yield
        except Exception as exc:
            mapped_exc = None
    
            for from_exc, to_exc in HTTPCORE_EXC_MAP.items():
                if not isinstance(exc, from_exc):
                    continue
                # We want to map to the most specific exception we can find.
                # Eg if `exc` is an `httpcore.ReadTimeout`, we want to map to
                # `httpx.ReadTimeout`, not just `httpx.TimeoutException`.
                if mapped_exc is None or issubclass(to_exc, mapped_exc):
                    mapped_exc = to_exc
    
            if mapped_exc is None:  # pragma: no cover
                raise
    
            message = str(exc)
&gt;           raise mapped_exc(message) from exc
E           httpx.ConnectError: [Errno 111] Connection refused

.venv-api/lib/python3.11/site-packages/httpx/_transports/default.py:118: ConnectError</failure></testcase><testcase classname="tests.api.test_items_contract" name="test_invalid_payloads_return_422[name-whitespace-only]" time="0.022"><failure message="httpx.ConnectError: [Errno 111] Connection refused">@contextlib.contextmanager
    def map_httpcore_exceptions() -&gt; typing.Iterator[None]:
        global HTTPCORE_EXC_MAP
        if len(HTTPCORE_EXC_MAP) == 0:
            HTTPCORE_EXC_MAP = _load_httpcore_exceptions()
        try:
&gt;           yield

.venv-api/lib/python3.11/site-packages/httpx/_transports/default.py:101: 
_ _ _ _ _ _ _ _ _ _ _ _ _ _ _ _ _ _ _ _ _ _ _ _ _ _ _ _ _ _ _ _ _ _ _ _ _ _ _ _ 
.venv-api/lib/python3.11/site-packages/httpx/_transports/default.py:250: in handle_request
    resp = self._pool.handle_request(req)
           ^^^^^^^^^^^^^^^^^^^^^^^^^^^^^^
.venv-api/lib/python3.11/site-packages/httpcore/_sync/connection_pool.py:256: in handle_request
    raise exc from None
.venv-api/lib/python3.11/site-packages/httpcore/_sync/connection_pool.py:236: in handle_request
    response = connection.handle_request(
.venv-api/lib/python3.11/site-packages/httpcore/_sync/connection.py:101: in handle_request
    raise exc
.venv-api/lib/python3.11/site-packages/httpcore/_sync/connection.py:78: in handle_request
    stream = self._connect(request)
             ^^^^^^^^^^^^^^^^^^^^^^
.venv-api/lib/python3.11/site-packages/httpcore/_sync/connection.py:124: in _connect
    stream = self._network_backend.connect_tcp(**kwargs)
             ^^^^^^^^^^^^^^^^^^^^^^^^^^^^^^^^^^^^^^^^^^^
.venv-api/lib/python3.11/site-packages/httpcore/_backends/sync.py:207: in connect_tcp
    with map_exceptions(exc_map):
/usr/lib/python3.11/contextlib.py:158: in __exit__
    self.gen.throw(typ, value, traceback)
_ _ _ _ _ _ _ _ _ _ _ _ _ _ _ _ _ _ _ _ _ _ _ _ _ _ _ _ _ _ _ _ _ _ _ _ _ _ _ _ 

map = {&lt;class 'TimeoutError'&gt;: &lt;class 'httpcore.ConnectTimeout'&gt;, &lt;class 'OSError'&gt;: &lt;class 'httpcore.ConnectError'&gt;}

    @contextlib.contextmanager
    def map_exceptions(map: ExceptionMapping) -&gt; typing.Iterator[None]:
        try:
            yield
        except Exception as exc:  # noqa: PIE786
            for from_exc, to_exc in map.items():
                if isinstance(exc, from_exc):
&gt;                   raise to_exc(exc) from exc
E                   httpcore.ConnectError: [Errno 111] Connection refused

.venv-api/lib/python3.11/site-packages/httpcore/_exceptions.py:14: ConnectError

The above exception was the direct cause of the following exception:

client = &lt;httpx.Client object at 0x7f3619f86a10&gt;, payload = {'name': '   '}

    @pytest.mark.parametrize(
        "payload",
        [
            pytest.param({}, id="name-missing"),
            pytest.param({"name": ""}, id="name-empty"),
            pytest.param({"name": "   "}, id="name-whitespace-only"),
            pytest.param({"name": "x" * 201}, id="name-too-long"),
            pytest.param({"name": None}, id="name-null"),
            pytest.param({"name": 42}, id="name-not-a-string"),
            pytest.param({"name": "ok", "nope": "unknown field"}, id="unknown-field"),
            pytest.param(
                {"name": "ok", "description": "d" * 2001}, id="description-too-long"
            ),
        ],
    )
    def test_invalid_payloads_return_422(client, payload):
&gt;       res = client.post("/api/items", json=payload)
              ^^^^^^^^^^^^^^^^^^^^^^^^^^^^^^^^^^^^^^^

tests/api/test_items_contract.py:123: 
_ _ _ _ _ _ _ _ _ _ _ _ _ _ _ _ _ _ _ _ _ _ _ _ _ _ _ _ _ _ _ _ _ _ _ _ _ _ _ _ 
.venv-api/lib/python3.11/site-packages/httpx/_client.py:1144: in post
    return self.request(
.venv-api/lib/python3.11/site-packages/httpx/_client.py:825: in request
    return self.send(request, auth=auth, follow_redirects=follow_redirects)
           ^^^^^^^^^^^^^^^^^^^^^^^^^^^^^^^^^^^^^^^^^^^^^^^^^^^^^^^^^^^^^^^^
.venv-api/lib/python3.11/site-packages/httpx/_client.py:914: in send
    response = self._send_handling_auth(
.venv-api/lib/python3.11/site-packages/httpx/_client.py:942: in _send_handling_auth
    response = self._send_handling_redirects(
.venv-api/lib/python3.11/site-packages/httpx/_client.py:979: in _send_handling_redirects
    response = self._send_single_request(request)
               ^^^^^^^^^^^^^^^^^^^^^^^^^^^^^^^^^^
.venv-api/lib/python3.11/site-packages/httpx/_client.py:1014: in _send_single_request
    response = transport.handle_request(request)
               ^^^^^^^^^^^^^^^^^^^^^^^^^^^^^^^^^
.venv-api/lib/python3.11/site-packages/httpx/_transports/default.py:249: in handle_request
    with map_httpcore_exceptions():
/usr/lib/python3.11/contextlib.py:158: in __exit__
    self.gen.throw(typ, value, traceback)
_ _ _ _ _ _ _ _ _ _ _ _ _ _ _ _ _ _ _ _ _ _ _ _ _ _ _ _ _ _ _ _ _ _ _ _ _ _ _ _ 

    @contextlib.contextmanager
    def map_httpcore_exceptions() -&gt; typing.Iterator[None]:
        global HTTPCORE_EXC_MAP
        if len(HTTPCORE_EXC_MAP) == 0:
            HTTPCORE_EXC_MAP = _load_httpcore_exceptions()
        try:
            yield
        except Exception as exc:
            mapped_exc = None
    
            for from_exc, to_exc in HTTPCORE_EXC_MAP.items():
                if not isinstance(exc, from_exc):
                    continue
                # We want to map to the most specific exception we can find.
                # Eg if `exc` is an `httpcore.ReadTimeout`, we want to map to
                # `httpx.ReadTimeout`, not just `httpx.TimeoutException`.
                if mapped_exc is None or issubclass(to_exc, mapped_exc):
                    mapped_exc = to_exc
    
            if mapped_exc is None:  # pragma: no cover
                raise
    
            message = str(exc)
&gt;           raise mapped_exc(message) from exc
E           httpx.ConnectError: [Errno 111] Connection refused

.venv-api/lib/python3.11/site-packages/httpx/_transports/default.py:118: ConnectError</failure></testcase><testcase classname="tests.api.test_items_contract" name="test_invalid_payloads_return_422[name-too-long]" time="0.021"><failure message="httpx.ConnectError: [Errno 111] Connection refused">@contextlib.contextmanager
    def map_httpcore_exceptions() -&gt; typing.Iterator[None]:
        global HTTPCORE_EXC_MAP
        if len(HTTPCORE_EXC_MAP) == 0:
            HTTPCORE_EXC_MAP = _load_httpcore_exceptions()
        try:
&gt;           yield

.venv-api/lib/python3.11/site-packages/httpx/_transports/default.py:101: 
_ _ _ _ _ _ _ _ _ _ _ _ _ _ _ _ _ _ _ _ _ _ _ _ _ _ _ _ _ _ _ _ _ _ _ _ _ _ _ _ 
.venv-api/lib/python3.11/site-packages/httpx/_transports/default.py:250: in handle_request
    resp = self._pool.handle_request(req)
           ^^^^^^^^^^^^^^^^^^^^^^^^^^^^^^
.venv-api/lib/python3.11/site-packages/httpcore/_sync/connection_pool.py:256: in handle_request
    raise exc from None
.venv-api/lib/python3.11/site-packages/httpcore/_sync/connection_pool.py:236: in handle_request
    response = connection.handle_request(
.venv-api/lib/python3.11/site-packages/httpcore/_sync/connection.py:101: in handle_request
    raise exc
.venv-api/lib/python3.11/site-packages/httpcore/_sync/connection.py:78: in handle_request
    stream = self._connect(request)
             ^^^^^^^^^^^^^^^^^^^^^^
.venv-api/lib/python3.11/site-packages/httpcore/_sync/connection.py:124: in _connect
    stream = self._network_backend.connect_tcp(**kwargs)
             ^^^^^^^^^^^^^^^^^^^^^^^^^^^^^^^^^^^^^^^^^^^
.venv-api/lib/python3.11/site-packages/httpcore/_backends/sync.py:207: in connect_tcp
    with map_exceptions(exc_map):
/usr/lib/python3.11/contextlib.py:158: in __exit__
    self.gen.throw(typ, value, traceback)
_ _ _ _ _ _ _ _ _ _ _ _ _ _ _ _ _ _ _ _ _ _ _ _ _ _ _ _ _ _ _ _ _ _ _ _ _ _ _ _ 

map = {&lt;class 'TimeoutError'&gt;: &lt;class 'httpcore.ConnectTimeout'&gt;, &lt;class 'OSError'&gt;: &lt;class 'httpcore.ConnectError'&gt;}

    @contextlib.contextmanager
    def map_exceptions(map: ExceptionMapping) -&gt; typing.Iterator[None]:
        try:
            yield
        except Exception as exc:  # noqa: PIE786
            for from_exc, to_exc in map.items():
                if isinstance(exc, from_exc):
&gt;                   raise to_exc(exc) from exc
E                   httpcore.ConnectError: [Errno 111] Connection refused

.venv-api/lib/python3.11/site-packages/httpcore/_exceptions.py:14: ConnectError

The above exception was the direct cause of the following exception:

client = &lt;httpx.Client object at 0x7f3619e7d090&gt;
payload = {'name': 'xxxxxxxxxxxxxxxxxxxxxxxxxxxxxxxxxxxxxxxxxxxxxxxxxxxxxxxxxxxxxxxxxxxxxxxxxxxxxxxxxxxxxxxxxxxxxxxxxxxxxxxxxxxxxxxxxxxxxxxxxxxxxxxxxxxxxxxxxxxxxxxxxxxxxxxxxxxxxxxxxxxxxxxxxxxxxxxxxxxxxxxxxxxxxxxxxxxxxxxxx'}

    @pytest.mark.parametrize(
        "payload",
        [
            pytest.param({}, id="name-missing"),
            pytest.param({"name": ""}, id="name-empty"),
            pytest.param({"name": "   "}, id="name-whitespace-only"),
            pytest.param({"name": "x" * 201}, id="name-too-long"),
            pytest.param({"name": None}, id="name-null"),
            pytest.param({"name": 42}, id="name-not-a-string"),
            pytest.param({"name": "ok", "nope": "unknown field"}, id="unknown-field"),
            pytest.param(
                {"name": "ok", "description": "d" * 2001}, id="description-too-long"
            ),
        ],
    )
    def test_invalid_payloads_return_422(client, payload):
&gt;       res = client.post("/api/items", json=payload)
              ^^^^^^^^^^^^^^^^^^^^^^^^^^^^^^^^^^^^^^^

tests/api/test_items_contract.py:123: 
_ _ _ _ _ _ _ _ _ _ _ _ _ _ _ _ _ _ _ _ _ _ _ _ _ _ _ _ _ _ _ _ _ _ _ _ _ _ _ _ 
.venv-api/lib/python3.11/site-packages/httpx/_client.py:1144: in post
    return self.request(
.venv-api/lib/python3.11/site-packages/httpx/_client.py:825: in request
    return self.send(request, auth=auth, follow_redirects=follow_redirects)
           ^^^^^^^^^^^^^^^^^^^^^^^^^^^^^^^^^^^^^^^^^^^^^^^^^^^^^^^^^^^^^^^^
.venv-api/lib/python3.11/site-packages/httpx/_client.py:914: in send
    response = self._send_handling_auth(
.venv-api/lib/python3.11/site-packages/httpx/_client.py:942: in _send_handling_auth
    response = self._send_handling_redirects(
.venv-api/lib/python3.11/site-packages/httpx/_client.py:979: in _send_handling_redirects
    response = self._send_single_request(request)
               ^^^^^^^^^^^^^^^^^^^^^^^^^^^^^^^^^^
.venv-api/lib/python3.11/site-packages/httpx/_client.py:1014: in _send_single_request
    response = transport.handle_request(request)
               ^^^^^^^^^^^^^^^^^^^^^^^^^^^^^^^^^
.venv-api/lib/python3.11/site-packages/httpx/_transports/default.py:249: in handle_request
    with map_httpcore_exceptions():
/usr/lib/python3.11/contextlib.py:158: in __exit__
    self.gen.throw(typ, value, traceback)
_ _ _ _ _ _ _ _ _ _ _ _ _ _ _ _ _ _ _ _ _ _ _ _ _ _ _ _ _ _ _ _ _ _ _ _ _ _ _ _ 

    @contextlib.contextmanager
    def map_httpcore_exceptions() -&gt; typing.Iterator[None]:
        global HTTPCORE_EXC_MAP
        if len(HTTPCORE_EXC_MAP) == 0:
            HTTPCORE_EXC_MAP = _load_httpcore_exceptions()
        try:
            yield
        except Exception as exc:
            mapped_exc = None
    
            for from_exc, to_exc in HTTPCORE_EXC_MAP.items():
                if not isinstance(exc, from_exc):
                    continue
                # We want to map to the most specific exception we can find.
                # Eg if `exc` is an `httpcore.ReadTimeout`, we want to map to
                # `httpx.ReadTimeout`, not just `httpx.TimeoutException`.
                if mapped_exc is None or issubclass(to_exc, mapped_exc):
                    mapped_exc = to_exc
    
            if mapped_exc is None:  # pragma: no cover
                raise
    
            message = str(exc)
&gt;           raise mapped_exc(message) from exc
E           httpx.ConnectError: [Errno 111] Connection refused

.venv-api/lib/python3.11/site-packages/httpx/_transports/default.py:118: ConnectError</failure></testcase><testcase classname="tests.api.test_items_contract" name="test_invalid_payloads_return_422[name-null]" time="0.020"><failure message="httpx.ConnectError: [Errno 111] Connection refused">@contextlib.contextmanager
    def map_httpcore_exceptions() -&gt; typing.Iterator[None]:
        global HTTPCORE_EXC_MAP
        if len(HTTPCORE_EXC_MAP) == 0:
            HTTPCORE_EXC_MAP = _load_httpcore_exceptions()
        try:
&gt;           yield

.venv-api/lib/python3.11/site-packages/httpx/_transports/default.py:101: 
_ _ _ _ _ _ _ _ _ _ _ _ _ _ _ _ _ _ _ _ _ _ _ _ _ _ _ _ _ _ _ _ _ _ _ _ _ _ _ _ 
.venv-api/lib/python3.11/site-packages/httpx/_transports/default.py:250: in handle_request
    resp = self._pool.handle_request(req)
           ^^^^^^^^^^^^^^^^^^^^^^^^^^^^^^
.venv-api/lib/python3.11/site-packages/httpcore/_sync/connection_pool.py:256: in handle_request
    raise exc from None
.venv-api/lib/python3.11/site-packages/httpcore/_sync/connection_pool.py:236: in handle_request
    response = connection.handle_request(
.venv-api/lib/python3.11/site-packages/httpcore/_sync/connection.py:101: in handle_request
    raise exc
.venv-api/lib/python3.11/site-packages/httpcore/_sync/connection.py:78: in handle_request
    stream = self._connect(request)
             ^^^^^^^^^^^^^^^^^^^^^^
.venv-api/lib/python3.11/site-packages/httpcore/_sync/connection.py:124: in _connect
    stream = self._network_backend.connect_tcp(**kwargs)
             ^^^^^^^^^^^^^^^^^^^^^^^^^^^^^^^^^^^^^^^^^^^
.venv-api/lib/python3.11/site-packages/httpcore/_backends/sync.py:207: in connect_tcp
    with map_exceptions(exc_map):
/usr/lib/python3.11/contextlib.py:158: in __exit__
    self.gen.throw(typ, value, traceback)
_ _ _ _ _ _ _ _ _ _ _ _ _ _ _ _ _ _ _ _ _ _ _ _ _ _ _ _ _ _ _ _ _ _ _ _ _ _ _ _ 

map = {&lt;class 'TimeoutError'&gt;: &lt;class 'httpcore.ConnectTimeout'&gt;, &lt;class 'OSError'&gt;: &lt;class 'httpcore.ConnectError'&gt;}

    @contextlib.contextmanager
    def map_exceptions(map: ExceptionMapping) -&gt; typing.Iterator[None]:
        try:
            yield
        except Exception as exc:  # noqa: PIE786
            for from_exc, to_exc in map.items():
                if isinstance(exc, from_exc):
&gt;                   raise to_exc(exc) from exc
E                   httpcore.ConnectError: [Errno 111] Connection refused

.venv-api/lib/python3.11/site-packages/httpcore/_exceptions.py:14: ConnectError

The above exception was the direct cause of the following exception:

client = &lt;httpx.Client object at 0x7f3619ed59d0&gt;, payload = {'name': None}

    @pytest.mark.parametrize(
        "payload",
        [
            pytest.param({}, id="name-missing"),
            pytest.param({"name": ""}, id="name-empty"),
            pytest.param({"name": "   "}, id="name-whitespace-only"),
            pytest.param({"name": "x" * 201}, id="name-too-long"),
            pytest.param({"name": None}, id="name-null"),
            pytest.param({"name": 42}, id="name-not-a-string"),
            pytest.param({"name": "ok", "nope": "unknown field"}, id="unknown-field"),
            pytest.param(
                {"name": "ok", "description": "d" * 2001}, id="description-too-long"
            ),
        ],
    )
    def test_invalid_payloads_return_422(client, payload):
&gt;       res = client.post("/api/items", json=payload)
              ^^^^^^^^^^^^^^^^^^^^^^^^^^^^^^^^^^^^^^^

tests/api/test_items_contract.py:123: 
_ _ _ _ _ _ _ _ _ _ _ _ _ _ _ _ _ _ _ _ _ _ _ _ _ _ _ _ _ _ _ _ _ _ _ _ _ _ _ _ 
.venv-api/lib/python3.11/site-packages/httpx/_client.py:1144: in post
    return self.request(
.venv-api/lib/python3.11/site-packages/httpx/_client.py:825: in request
    return self.send(request, auth=auth, follow_redirects=follow_redirects)
           ^^^^^^^^^^^^^^^^^^^^^^^^^^^^^^^^^^^^^^^^^^^^^^^^^^^^^^^^^^^^^^^^
.venv-api/lib/python3.11/site-packages/httpx/_client.py:914: in send
    response = self._send_handling_auth(
.venv-api/lib/python3.11/site-packages/httpx/_client.py:942: in _send_handling_auth
    response = self._send_handling_redirects(
.venv-api/lib/python3.11/site-packages/httpx/_client.py:979: in _send_handling_redirects
    response = self._send_single_request(request)
               ^^^^^^^^^^^^^^^^^^^^^^^^^^^^^^^^^^
.venv-api/lib/python3.11/site-packages/httpx/_client.py:1014: in _send_single_request
    response = transport.handle_request(request)
               ^^^^^^^^^^^^^^^^^^^^^^^^^^^^^^^^^
.venv-api/lib/python3.11/site-packages/httpx/_transports/default.py:249: in handle_request
    with map_httpcore_exceptions():
/usr/lib/python3.11/contextlib.py:158: in __exit__
    self.gen.throw(typ, value, traceback)
_ _ _ _ _ _ _ _ _ _ _ _ _ _ _ _ _ _ _ _ _ _ _ _ _ _ _ _ _ _ _ _ _ _ _ _ _ _ _ _ 

    @contextlib.contextmanager
    def map_httpcore_exceptions() -&gt; typing.Iterator[None]:
        global HTTPCORE_EXC_MAP
        if len(HTTPCORE_EXC_MAP) == 0:
            HTTPCORE_EXC_MAP = _load_httpcore_exceptions()
        try:
            yield
        except Exception as exc:
            mapped_exc = None
    
            for from_exc, to_exc in HTTPCORE_EXC_MAP.items():
                if not isinstance(exc, from_exc):
                    continue
                # We want to map to the most specific exception we can find.
                # Eg if `exc` is an `httpcore.ReadTimeout`, we want to map to
                # `httpx.ReadTimeout`, not just `httpx.TimeoutException`.
                if mapped_exc is None or issubclass(to_exc, mapped_exc):
                    mapped_exc = to_exc
    
            if mapped_exc is None:  # pragma: no cover
                raise
    
            message = str(exc)
&gt;           raise mapped_exc(message) from exc
E           httpx.ConnectError: [Errno 111] Connection refused

.venv-api/lib/python3.11/site-packages/httpx/_transports/default.py:118: ConnectError</failure></testcase><testcase classname="tests.api.test_items_contract" name="test_invalid_payloads_return_422[name-not-a-string]" time="0.021"><failure message="httpx.ConnectError: [Errno 111] Connection refused">@contextlib.contextmanager
    def map_httpcore_exceptions() -&gt; typing.Iterator[None]:
        global HTTPCORE_EXC_MAP
        if len(HTTPCORE_EXC_MAP) == 0:
            HTTPCORE_EXC_MAP = _load_httpcore_exceptions()
        try:
&gt;           yield

.venv-api/lib/python3.11/site-packages/httpx/_transports/default.py:101: 
_ _ _ _ _ _ _ _ _ _ _ _ _ _ _ _ _ _ _ _ _ _ _ _ _ _ _ _ _ _ _ _ _ _ _ _ _ _ _ _ 
.venv-api/lib/python3.11/site-packages/httpx/_transports/default.py:250: in handle_request
    resp = self._pool.handle_request(req)
           ^^^^^^^^^^^^^^^^^^^^^^^^^^^^^^
.venv-api/lib/python3.11/site-packages/httpcore/_sync/connection_pool.py:256: in handle_request
    raise exc from None
.venv-api/lib/python3.11/site-packages/httpcore/_sync/connection_pool.py:236: in handle_request
    response = connection.handle_request(
.venv-api/lib/python3.11/site-packages/httpcore/_sync/connection.py:101: in handle_request
    raise exc
.venv-api/lib/python3.11/site-packages/httpcore/_sync/connection.py:78: in handle_request
    stream = self._connect(request)
             ^^^^^^^^^^^^^^^^^^^^^^
.venv-api/lib/python3.11/site-packages/httpcore/_sync/connection.py:124: in _connect
    stream = self._network_backend.connect_tcp(**kwargs)
             ^^^^^^^^^^^^^^^^^^^^^^^^^^^^^^^^^^^^^^^^^^^
.venv-api/lib/python3.11/site-packages/httpcore/_backends/sync.py:207: in connect_tcp
    with map_exceptions(exc_map):
/usr/lib/python3.11/contextlib.py:158: in __exit__
    self.gen.throw(typ, value, traceback)
_ _ _ _ _ _ _ _ _ _ _ _ _ _ _ _ _ _ _ _ _ _ _ _ _ _ _ _ _ _ _ _ _ _ _ _ _ _ _ _ 

map = {&lt;class 'TimeoutError'&gt;: &lt;class 'httpcore.ConnectTimeout'&gt;, &lt;class 'OSError'&gt;: &lt;class 'httpcore.ConnectError'&gt;}

    @contextlib.contextmanager
    def map_exceptions(map: ExceptionMapping) -&gt; typing.Iterator[None]:
        try:
            yield
        except Exception as exc:  # noqa: PIE786
            for from_exc, to_exc in map.items():
                if isinstance(exc, from_exc):
&gt;                   raise to_exc(exc) from exc
E                   httpcore.ConnectError: [Errno 111] Connection refused

.venv-api/lib/python3.11/site-packages/httpcore/_exceptions.py:14: ConnectError

The above exception was the direct cause of the following exception:

client = &lt;httpx.Client object at 0x7f3619df7150&gt;, payload = {'name': 42}

    @pytest.mark.parametrize(
        "payload",
        [
            pytest.param({}, id="name-missing"),
            pytest.param({"name": ""}, id="name-empty"),
            pytest.param({"name": "   "}, id="name-whitespace-only"),
            pytest.param({"name": "x" * 201}, id="name-too-long"),
            pytest.param({"name": None}, id="name-null"),
            pytest.param({"name": 42}, id="name-not-a-string"),
            pytest.param({"name": "ok", "nope": "unknown field"}, id="unknown-field"),
            pytest.param(
                {"name": "ok", "description": "d" * 2001}, id="description-too-long"
            ),
        ],
    )
    def test_invalid_payloads_return_422(client, payload):
&gt;       res = client.post("/api/items", json=payload)
              ^^^^^^^^^^^^^^^^^^^^^^^^^^^^^^^^^^^^^^^

tests/api/test_items_contract.py:123: 
_ _ _ _ _ _ _ _ _ _ _ _ _ _ _ _ _ _ _ _ _ _ _ _ _ _ _ _ _ _ _ _ _ _ _ _ _ _ _ _ 
.venv-api/lib/python3.11/site-packages/httpx/_client.py:1144: in post
    return self.request(
.venv-api/lib/python3.11/site-packages/httpx/_client.py:825: in request
    return self.send(request, auth=auth, follow_redirects=follow_redirects)
           ^^^^^^^^^^^^^^^^^^^^^^^^^^^^^^^^^^^^^^^^^^^^^^^^^^^^^^^^^^^^^^^^
.venv-api/lib/python3.11/site-packages/httpx/_client.py:914: in send
    response = self._send_handling_auth(
.venv-api/lib/python3.11/site-packages/httpx/_client.py:942: in _send_handling_auth
    response = self._send_handling_redirects(
.venv-api/lib/python3.11/site-packages/httpx/_client.py:979: in _send_handling_redirects
    response = self._send_single_request(request)
               ^^^^^^^^^^^^^^^^^^^^^^^^^^^^^^^^^^
.venv-api/lib/python3.11/site-packages/httpx/_client.py:1014: in _send_single_request
    response = transport.handle_request(request)
               ^^^^^^^^^^^^^^^^^^^^^^^^^^^^^^^^^
.venv-api/lib/python3.11/site-packages/httpx/_transports/default.py:249: in handle_request
    with map_httpcore_exceptions():
/usr/lib/python3.11/contextlib.py:158: in __exit__
    self.gen.throw(typ, value, traceback)
_ _ _ _ _ _ _ _ _ _ _ _ _ _ _ _ _ _ _ _ _ _ _ _ _ _ _ _ _ _ _ _ _ _ _ _ _ _ _ _ 

    @contextlib.contextmanager
    def map_httpcore_exceptions() -&gt; typing.Iterator[None]:
        global HTTPCORE_EXC_MAP
        if len(HTTPCORE_EXC_MAP) == 0:
            HTTPCORE_EXC_MAP = _load_httpcore_exceptions()
        try:
            yield
        except Exception as exc:
            mapped_exc = None
    
            for from_exc, to_exc in HTTPCORE_EXC_MAP.items():
                if not isinstance(exc, from_exc):
                    continue
                # We want to map to the most specific exception we can find.
                # Eg if `exc` is an `httpcore.ReadTimeout`, we want to map to
                # `httpx.ReadTimeout`, not just `httpx.TimeoutException`.
                if mapped_exc is None or issubclass(to_exc, mapped_exc):
                    mapped_exc = to_exc
    
            if mapped_exc is None:  # pragma: no cover
                raise
    
            message = str(exc)
&gt;           raise mapped_exc(message) from exc
E           httpx.ConnectError: [Errno 111] Connection refused

.venv-api/lib/python3.11/site-packages/httpx/_transports/default.py:118: ConnectError</failure></testcase><testcase classname="tests.api.test_items_contract" name="test_invalid_payloads_return_422[unknown-field]" time="0.024"><failure message="httpx.ConnectError: [Errno 111] Connection refused">@contextlib.contextmanager
    def map_httpcore_exceptions() -&gt; typing.Iterator[None]:
        global HTTPCORE_EXC_MAP
        if len(HTTPCORE_EXC_MAP) == 0:
            HTTPCORE_EXC_MAP = _load_httpcore_exceptions()
        try:
&gt;           yield

.venv-api/lib/python3.11/site-packages/httpx/_transports/default.py:101: 
_ _ _ _ _ _ _ _ _ _ _ _ _ _ _ _ _ _ _ _ _ _ _ _ _ _ _ _ _ _ _ _ _ _ _ _ _ _ _ _ 
.venv-api/lib/python3.11/site-packages/httpx/_transports/default.py:250: in handle_request
    resp = self._pool.handle_request(req)
           ^^^^^^^^^^^^^^^^^^^^^^^^^^^^^^
.venv-api/lib/python3.11/site-packages/httpcore/_sync/connection_pool.py:256: in handle_request
    raise exc from None
.venv-api/lib/python3.11/site-packages/httpcore/_sync/connection_pool.py:236: in handle_request
    response = connection.handle_request(
.venv-api/lib/python3.11/site-packages/httpcore/_sync/connection.py:101: in handle_request
    raise exc
.venv-api/lib/python3.11/site-packages/httpcore/_sync/connection.py:78: in handle_request
    stream = self._connect(request)
             ^^^^^^^^^^^^^^^^^^^^^^
.venv-api/lib/python3.11/site-packages/httpcore/_sync/connection.py:124: in _connect
    stream = self._network_backend.connect_tcp(**kwargs)
             ^^^^^^^^^^^^^^^^^^^^^^^^^^^^^^^^^^^^^^^^^^^
.venv-api/lib/python3.11/site-packages/httpcore/_backends/sync.py:207: in connect_tcp
    with map_exceptions(exc_map):
/usr/lib/python3.11/contextlib.py:158: in __exit__
    self.gen.throw(typ, value, traceback)
_ _ _ _ _ _ _ _ _ _ _ _ _ _ _ _ _ _ _ _ _ _ _ _ _ _ _ _ _ _ _ _ _ _ _ _ _ _ _ _ 

map = {&lt;class 'TimeoutError'&gt;: &lt;class 'httpcore.ConnectTimeout'&gt;, &lt;class 'OSError'&gt;: &lt;class 'httpcore.ConnectError'&gt;}

    @contextlib.contextmanager
    def map_exceptions(map: ExceptionMapping) -&gt; typing.Iterator[None]:
        try:
            yield
        except Exception as exc:  # noqa: PIE786
            for from_exc, to_exc in map.items():
                if isinstance(exc, from_exc):
&gt;                   raise to_exc(exc) from exc
E                   httpcore.ConnectError: [Errno 111] Connection refused

.venv-api/lib/python3.11/site-packages/httpcore/_exceptions.py:14: ConnectError

The above exception was the direct cause of the following exception:

client = &lt;httpx.Client object at 0x7f3619f5bd90&gt;
payload = {'name': 'ok', 'nope': 'unknown field'}

    @pytest.mark.parametrize(
        "payload",
        [
            pytest.param({}, id="name-missing"),
            pytest.param({"name": ""}, id="name-empty"),
            pytest.param({"name": "   "}, id="name-whitespace-only"),
            pytest.param({"name": "x" * 201}, id="name-too-long"),
            pytest.param({"name": None}, id="name-null"),
            pytest.param({"name": 42}, id="name-not-a-string"),
            pytest.param({"name": "ok", "nope": "unknown field"}, id="unknown-field"),
            pytest.param(
                {"name": "ok", "description": "d" * 2001}, id="description-too-long"
            ),
        ],
    )
    def test_invalid_payloads_return_422(client, payload):
&gt;       res = client.post("/api/items", json=payload)
              ^^^^^^^^^^^^^^^^^^^^^^^^^^^^^^^^^^^^^^^

tests/api/test_items_contract.py:123: 
_ _ _ _ _ _ _ _ _ _ _ _ _ _ _ _ _ _ _ _ _ _ _ _ _ _ _ _ _ _ _ _ _ _ _ _ _ _ _ _ 
.venv-api/lib/python3.11/site-packages/httpx/_client.py:1144: in post
    return self.request(
.venv-api/lib/python3.11/site-packages/httpx/_client.py:825: in request
    return self.send(request, auth=auth, follow_redirects=follow_redirects)
           ^^^^^^^^^^^^^^^^^^^^^^^^^^^^^^^^^^^^^^^^^^^^^^^^^^^^^^^^^^^^^^^^
.venv-api/lib/python3.11/site-packages/httpx/_client.py:914: in send
    response = self._send_handling_auth(
.venv-api/lib/python3.11/site-packages/httpx/_client.py:942: in _send_handling_auth
    response = self._send_handling_redirects(
.venv-api/lib/python3.11/site-packages/httpx/_client.py:979: in _send_handling_redirects
    response = self._send_single_request(request)
               ^^^^^^^^^^^^^^^^^^^^^^^^^^^^^^^^^^
.venv-api/lib/python3.11/site-packages/httpx/_client.py:1014: in _send_single_request
    response = transport.handle_request(request)
               ^^^^^^^^^^^^^^^^^^^^^^^^^^^^^^^^^
.venv-api/lib/python3.11/site-packages/httpx/_transports/default.py:249: in handle_request
    with map_httpcore_exceptions():
/usr/lib/python3.11/contextlib.py:158: in __exit__
    self.gen.throw(typ, value, traceback)
_ _ _ _ _ _ _ _ _ _ _ _ _ _ _ _ _ _ _ _ _ _ _ _ _ _ _ _ _ _ _ _ _ _ _ _ _ _ _ _ 

    @contextlib.contextmanager
    def map_httpcore_exceptions() -&gt; typing.Iterator[None]:
        global HTTPCORE_EXC_MAP
        if len(HTTPCORE_EXC_MAP) == 0:
            HTTPCORE_EXC_MAP = _load_httpcore_exceptions()
        try:
            yield
        except Exception as exc:
            mapped_exc = None
    
            for from_exc, to_exc in HTTPCORE_EXC_MAP.items():
                if not isinstance(exc, from_exc):
                    continue
                # We want to map to the most specific exception we can find.
                # Eg if `exc` is an `httpcore.ReadTimeout`, we want to map to
                # `httpx.ReadTimeout`, not just `httpx.TimeoutException`.
                if mapped_exc is None or issubclass(to_exc, mapped_exc):
                    mapped_exc = to_exc
    
            if mapped_exc is None:  # pragma: no cover
                raise
    
            message = str(exc)
&gt;           raise mapped_exc(message) from exc
E           httpx.ConnectError: [Errno 111] Connection refused

.venv-api/lib/python3.11/site-packages/httpx/_transports/default.py:118: ConnectError</failure></testcase><testcase classname="tests.api.test_items_contract" name="test_invalid_payloads_return_422[description-too-long]" time="0.021"><failure message="httpx.ConnectError: [Errno 111] Connection refused">@contextlib.contextmanager
    def map_httpcore_exceptions() -&gt; typing.Iterator[None]:
        global HTTPCORE_EXC_MAP
        if len(HTTPCORE_EXC_MAP) == 0:
            HTTPCORE_EXC_MAP = _load_httpcore_exceptions()
        try:
&gt;           yield

.venv-api/lib/python3.11/site-packages/httpx/_transports/default.py:101: 
_ _ _ _ _ _ _ _ _ _ _ _ _ _ _ _ _ _ _ _ _ _ _ _ _ _ _ _ _ _ _ _ _ _ _ _ _ _ _ _ 
.venv-api/lib/python3.11/site-packages/httpx/_transports/default.py:250: in handle_request
    resp = self._pool.handle_request(req)
           ^^^^^^^^^^^^^^^^^^^^^^^^^^^^^^
.venv-api/lib/python3.11/site-packages/httpcore/_sync/connection_pool.py:256: in handle_request
    raise exc from None
.venv-api/lib/python3.11/site-packages/httpcore/_sync/connection_pool.py:236: in handle_request
    response = connection.handle_request(
.venv-api/lib/python3.11/site-packages/httpcore/_sync/connection.py:101: in handle_request
    raise exc
.venv-api/lib/python3.11/site-packages/httpcore/_sync/connection.py:78: in handle_request
    stream = self._connect(request)
             ^^^^^^^^^^^^^^^^^^^^^^
.venv-api/lib/python3.11/site-packages/httpcore/_sync/connection.py:124: in _connect
    stream = self._network_backend.connect_tcp(**kwargs)
             ^^^^^^^^^^^^^^^^^^^^^^^^^^^^^^^^^^^^^^^^^^^
.venv-api/lib/python3.11/site-packages/httpcore/_backends/sync.py:207: in connect_tcp
    with map_exceptions(exc_map):
/usr/lib/python3.11/contextlib.py:158: in __exit__
    self.gen.throw(typ, value, traceback)
_ _ _ _ _ _ _ _ _ _ _ _ _ _ _ _ _ _ _ _ _ _ _ _ _ _ _ _ _ _ _ _ _ _ _ _ _ _ _ _ 

map = {&lt;class 'TimeoutError'&gt;: &lt;class 'httpcore.ConnectTimeout'&gt;, &lt;class 'OSError'&gt;: &lt;class 'httpcore.ConnectError'&gt;}

    @contextlib.contextmanager
    def map_exceptions(map: ExceptionMapping) -&gt; typing.Iterator[None]:
        try:
            yield
        except Exception as exc:  # noqa: PIE786
            for from_exc, to_exc in map.items():
                if isinstance(exc, from_exc):
&gt;                   raise to_exc(exc) from exc
E                   httpcore.ConnectError: [Errno 111] Connection refused

.venv-api/lib/python3.11/site-packages/httpcore/_exceptions.py:14: ConnectError

The above exception was the direct cause of the following exception:

client = &lt;httpx.Client object at 0x7f3619e33050&gt;
payload = {'name': 'ok', 'description': 'ddddddddddddddddddddddddddddddddddddddddddddddddddddddddddddddddddddddddddddddddddddddd...ddddddddddddddddddddddddddddddddddddddddddddddddddddddddddddddddddddddddddddddddddddddddddddddddddddddddddddddddddddd'}

    @pytest.mark.parametrize(
        "payload",
        [
            pytest.param({}, id="name-missing"),
            pytest.param({"name": ""}, id="name-empty"),
            pytest.param({"name": "   "}, id="name-whitespace-only"),
            pytest.param({"name": "x" * 201}, id="name-too-long"),
            pytest.param({"name": None}, id="name-null"),
            pytest.param({"name": 42}, id="name-not-a-string"),
            pytest.param({"name": "ok", "nope": "unknown field"}, id="unknown-field"),
            pytest.param(
                {"name": "ok", "description": "d" * 2001}, id="description-too-long"
            ),
        ],
    )
    def test_invalid_payloads_return_422(client, payload):
&gt;       res = client.post("/api/items", json=payload)
              ^^^^^^^^^^^^^^^^^^^^^^^^^^^^^^^^^^^^^^^

tests/api/test_items_contract.py:123: 
_ _ _ _ _ _ _ _ _ _ _ _ _ _ _ _ _ _ _ _ _ _ _ _ _ _ _ _ _ _ _ _ _ _ _ _ _ _ _ _ 
.venv-api/lib/python3.11/site-packages/httpx/_client.py:1144: in post
    return self.request(
.venv-api/lib/python3.11/site-packages/httpx/_client.py:825: in request
    return self.send(request, auth=auth, follow_redirects=follow_redirects)
           ^^^^^^^^^^^^^^^^^^^^^^^^^^^^^^^^^^^^^^^^^^^^^^^^^^^^^^^^^^^^^^^^
.venv-api/lib/python3.11/site-packages/httpx/_client.py:914: in send
    response = self._send_handling_auth(
.venv-api/lib/python3.11/site-packages/httpx/_client.py:942: in _send_handling_auth
    response = self._send_handling_redirects(
.venv-api/lib/python3.11/site-packages/httpx/_client.py:979: in _send_handling_redirects
    response = self._send_single_request(request)
               ^^^^^^^^^^^^^^^^^^^^^^^^^^^^^^^^^^
.venv-api/lib/python3.11/site-packages/httpx/_client.py:1014: in _send_single_request
    response = transport.handle_request(request)
               ^^^^^^^^^^^^^^^^^^^^^^^^^^^^^^^^^
.venv-api/lib/python3.11/site-packages/httpx/_transports/default.py:249: in handle_request
    with map_httpcore_exceptions():
/usr/lib/python3.11/contextlib.py:158: in __exit__
    self.gen.throw(typ, value, traceback)
_ _ _ _ _ _ _ _ _ _ _ _ _ _ _ _ _ _ _ _ _ _ _ _ _ _ _ _ _ _ _ _ _ _ _ _ _ _ _ _ 

    @contextlib.contextmanager
    def map_httpcore_exceptions() -&gt; typing.Iterator[None]:
        global HTTPCORE_EXC_MAP
        if len(HTTPCORE_EXC_MAP) == 0:
            HTTPCORE_EXC_MAP = _load_httpcore_exceptions()
        try:
            yield
        except Exception as exc:
            mapped_exc = None
    
            for from_exc, to_exc in HTTPCORE_EXC_MAP.items():
                if not isinstance(exc, from_exc):
                    continue
                # We want to map to the most specific exception we can find.
                # Eg if `exc` is an `httpcore.ReadTimeout`, we want to map to
                # `httpx.ReadTimeout`, not just `httpx.TimeoutException`.
                if mapped_exc is None or issubclass(to_exc, mapped_exc):
                    mapped_exc = to_exc
    
            if mapped_exc is None:  # pragma: no cover
                raise
    
            message = str(exc)
&gt;           raise mapped_exc(message) from exc
E           httpx.ConnectError: [Errno 111] Connection refused

.venv-api/lib/python3.11/site-packages/httpx/_transports/default.py:118: ConnectError</failure></testcase><testcase classname="tests.api.test_items_contract" name="test_get_by_id_returns_the_item" time="0.020"><failure message="httpx.ConnectError: [Errno 111] Connection refused">@contextlib.contextmanager
    def map_httpcore_exceptions() -&gt; typing.Iterator[None]:
        global HTTPCORE_EXC_MAP
        if len(HTTPCORE_EXC_MAP) == 0:
            HTTPCORE_EXC_MAP = _load_httpcore_exceptions()
        try:
&gt;           yield

.venv-api/lib/python3.11/site-packages/httpx/_transports/default.py:101: 
_ _ _ _ _ _ _ _ _ _ _ _ _ _ _ _ _ _ _ _ _ _ _ _ _ _ _ _ _ _ _ _ _ _ _ _ _ _ _ _ 
.venv-api/lib/python3.11/site-packages/httpx/_transports/default.py:250: in handle_request
    resp = self._pool.handle_request(req)
           ^^^^^^^^^^^^^^^^^^^^^^^^^^^^^^
.venv-api/lib/python3.11/site-packages/httpcore/_sync/connection_pool.py:256: in handle_request
    raise exc from None
.venv-api/lib/python3.11/site-packages/httpcore/_sync/connection_pool.py:236: in handle_request
    response = connection.handle_request(
.venv-api/lib/python3.11/site-packages/httpcore/_sync/connection.py:101: in handle_request
    raise exc
.venv-api/lib/python3.11/site-packages/httpcore/_sync/connection.py:78: in handle_request
    stream = self._connect(request)
             ^^^^^^^^^^^^^^^^^^^^^^
.venv-api/lib/python3.11/site-packages/httpcore/_sync/connection.py:124: in _connect
    stream = self._network_backend.connect_tcp(**kwargs)
             ^^^^^^^^^^^^^^^^^^^^^^^^^^^^^^^^^^^^^^^^^^^
.venv-api/lib/python3.11/site-packages/httpcore/_backends/sync.py:207: in connect_tcp
    with map_exceptions(exc_map):
/usr/lib/python3.11/contextlib.py:158: in __exit__
    self.gen.throw(typ, value, traceback)
_ _ _ _ _ _ _ _ _ _ _ _ _ _ _ _ _ _ _ _ _ _ _ _ _ _ _ _ _ _ _ _ _ _ _ _ _ _ _ _ 

map = {&lt;class 'TimeoutError'&gt;: &lt;class 'httpcore.ConnectTimeout'&gt;, &lt;class 'OSError'&gt;: &lt;class 'httpcore.ConnectError'&gt;}

    @contextlib.contextmanager
    def map_exceptions(map: ExceptionMapping) -&gt; typing.Iterator[None]:
        try:
            yield
        except Exception as exc:  # noqa: PIE786
            for from_exc, to_exc in map.items():
                if isinstance(exc, from_exc):
&gt;                   raise to_exc(exc) from exc
E                   httpcore.ConnectError: [Errno 111] Connection refused

.venv-api/lib/python3.11/site-packages/httpcore/_exceptions.py:14: ConnectError

The above exception was the direct cause of the following exception:

client = &lt;httpx.Client object at 0x7f3619ece7d0&gt;
unique_name = 'contract-847ad763162b', created_items = []

    def test_get_by_id_returns_the_item(client, unique_name, created_items):
&gt;       created = create(client, unique_name, description="fetched by id")
                  ^^^^^^^^^^^^^^^^^^^^^^^^^^^^^^^^^^^^^^^^^^^^^^^^^^^^^^^^

tests/api/test_items_contract.py:131: 
_ _ _ _ _ _ _ _ _ _ _ _ _ _ _ _ _ _ _ _ _ _ _ _ _ _ _ _ _ _ _ _ _ _ _ _ _ _ _ _ 
tests/api/test_items_contract.py:57: in create
    res = client.post("/api/items", json={"name": name, **fields})
          ^^^^^^^^^^^^^^^^^^^^^^^^^^^^^^^^^^^^^^^^^^^^^^^^^^^^^^^^
.venv-api/lib/python3.11/site-packages/httpx/_client.py:1144: in post
    return self.request(
.venv-api/lib/python3.11/site-packages/httpx/_client.py:825: in request
    return self.send(request, auth=auth, follow_redirects=follow_redirects)
           ^^^^^^^^^^^^^^^^^^^^^^^^^^^^^^^^^^^^^^^^^^^^^^^^^^^^^^^^^^^^^^^^
.venv-api/lib/python3.11/site-packages/httpx/_client.py:914: in send
    response = self._send_handling_auth(
.venv-api/lib/python3.11/site-packages/httpx/_client.py:942: in _send_handling_auth
    response = self._send_handling_redirects(
.venv-api/lib/python3.11/site-packages/httpx/_client.py:979: in _send_handling_redirects
    response = self._send_single_request(request)
               ^^^^^^^^^^^^^^^^^^^^^^^^^^^^^^^^^^
.venv-api/lib/python3.11/site-packages/httpx/_client.py:1014: in _send_single_request
    response = transport.handle_request(request)
               ^^^^^^^^^^^^^^^^^^^^^^^^^^^^^^^^^
.venv-api/lib/python3.11/site-packages/httpx/_transports/default.py:249: in handle_request
    with map_httpcore_exceptions():
/usr/lib/python3.11/contextlib.py:158: in __exit__
    self.gen.throw(typ, value, traceback)
_ _ _ _ _ _ _ _ _ _ _ _ _ _ _ _ _ _ _ _ _ _ _ _ _ _ _ _ _ _ _ _ _ _ _ _ _ _ _ _ 

    @contextlib.contextmanager
    def map_httpcore_exceptions() -&gt; typing.Iterator[None]:
        global HTTPCORE_EXC_MAP
        if len(HTTPCORE_EXC_MAP) == 0:
            HTTPCORE_EXC_MAP = _load_httpcore_exceptions()
        try:
            yield
        except Exception as exc:
            mapped_exc = None
    
            for from_exc, to_exc in HTTPCORE_EXC_MAP.items():
                if not isinstance(exc, from_exc):
                    continue
                # We want to map to the most specific exception we can find.
                # Eg if `exc` is an `httpcore.ReadTimeout`, we want to map to
                # `httpx.ReadTimeout`, not just `httpx.TimeoutException`.
                if mapped_exc is None or issubclass(to_exc, mapped_exc):
                    mapped_exc = to_exc
    
            if mapped_exc is None:  # pragma: no cover
                raise
    
            message = str(exc)
&gt;           raise mapped_exc(message) from exc
E           httpx.ConnectError: [Errno 111] Connection refused

.venv-api/lib/python3.11/site-packages/httpx/_transports/default.py:118: ConnectError</failure></testcase><testcase classname="tests.api.test_items_contract" name="test_get_unknown_id_returns_404" time="0.020"><failure message="httpx.ConnectError: [Errno 111] Connection refused">@contextlib.contextmanager
    def map_httpcore_exceptions() -&gt; typing.Iterator[None]:
        global HTTPCORE_EXC_MAP
        if len(HTTPCORE_EXC_MAP) == 0:
            HTTPCORE_EXC_MAP = _load_httpcore_exceptions()
        try:
&gt;           yield

.venv-api/lib/python3.11/site-packages/httpx/_transports/default.py:101: 
_ _ _ _ _ _ _ _ _ _ _ _ _ _ _ _ _ _ _ _ _ _ _ _ _ _ _ _ _ _ _ _ _ _ _ _ _ _ _ _ 
.venv-api/lib/python3.11/site-packages/httpx/_transports/default.py:250: in handle_request
    resp = self._pool.handle_request(req)
           ^^^^^^^^^^^^^^^^^^^^^^^^^^^^^^
.venv-api/lib/python3.11/site-packages/httpcore/_sync/connection_pool.py:256: in handle_request
    raise exc from None
.venv-api/lib/python3.11/site-packages/httpcore/_sync/connection_pool.py:236: in handle_request
    response = connection.handle_request(
.venv-api/lib/python3.11/site-packages/httpcore/_sync/connection.py:101: in handle_request
    raise exc
.venv-api/lib/python3.11/site-packages/httpcore/_sync/connection.py:78: in handle_request
    stream = self._connect(request)
             ^^^^^^^^^^^^^^^^^^^^^^
.venv-api/lib/python3.11/site-packages/httpcore/_sync/connection.py:124: in _connect
    stream = self._network_backend.connect_tcp(**kwargs)
             ^^^^^^^^^^^^^^^^^^^^^^^^^^^^^^^^^^^^^^^^^^^
.venv-api/lib/python3.11/site-packages/httpcore/_backends/sync.py:207: in connect_tcp
    with map_exceptions(exc_map):
/usr/lib/python3.11/contextlib.py:158: in __exit__
    self.gen.throw(typ, value, traceback)
_ _ _ _ _ _ _ _ _ _ _ _ _ _ _ _ _ _ _ _ _ _ _ _ _ _ _ _ _ _ _ _ _ _ _ _ _ _ _ _ 

map = {&lt;class 'TimeoutError'&gt;: &lt;class 'httpcore.ConnectTimeout'&gt;, &lt;class 'OSError'&gt;: &lt;class 'httpcore.ConnectError'&gt;}

    @contextlib.contextmanager
    def map_exceptions(map: ExceptionMapping) -&gt; typing.Iterator[None]:
        try:
            yield
        except Exception as exc:  # noqa: PIE786
            for from_exc, to_exc in map.items():
                if isinstance(exc, from_exc):
&gt;                   raise to_exc(exc) from exc
E                   httpcore.ConnectError: [Errno 111] Connection refused

.venv-api/lib/python3.11/site-packages/httpcore/_exceptions.py:14: ConnectError

The above exception was the direct cause of the following exception:

client = &lt;httpx.Client object at 0x7f3619a8fbd0&gt;

    def test_get_unknown_id_returns_404(client):
&gt;       assert client.get("/api/items/999999999").status_code == 404
               ^^^^^^^^^^^^^^^^^^^^^^^^^^^^^^^^^^

tests/api/test_items_contract.py:140: 
_ _ _ _ _ _ _ _ _ _ _ _ _ _ _ _ _ _ _ _ _ _ _ _ _ _ _ _ _ _ _ _ _ _ _ _ _ _ _ _ 
.venv-api/lib/python3.11/site-packages/httpx/_client.py:1053: in get
    return self.request(
.venv-api/lib/python3.11/site-packages/httpx/_client.py:825: in request
    return self.send(request, auth=auth, follow_redirects=follow_redirects)
           ^^^^^^^^^^^^^^^^^^^^^^^^^^^^^^^^^^^^^^^^^^^^^^^^^^^^^^^^^^^^^^^^
.venv-api/lib/python3.11/site-packages/httpx/_client.py:914: in send
    response = self._send_handling_auth(
.venv-api/lib/python3.11/site-packages/httpx/_client.py:942: in _send_handling_auth
    response = self._send_handling_redirects(
.venv-api/lib/python3.11/site-packages/httpx/_client.py:979: in _send_handling_redirects
    response = self._send_single_request(request)
               ^^^^^^^^^^^^^^^^^^^^^^^^^^^^^^^^^^
.venv-api/lib/python3.11/site-packages/httpx/_client.py:1014: in _send_single_request
    response = transport.handle_request(request)
               ^^^^^^^^^^^^^^^^^^^^^^^^^^^^^^^^^
.venv-api/lib/python3.11/site-packages/httpx/_transports/default.py:249: in handle_request
    with map_httpcore_exceptions():
/usr/lib/python3.11/contextlib.py:158: in __exit__
    self.gen.throw(typ, value, traceback)
_ _ _ _ _ _ _ _ _ _ _ _ _ _ _ _ _ _ _ _ _ _ _ _ _ _ _ _ _ _ _ _ _ _ _ _ _ _ _ _ 

    @contextlib.contextmanager
    def map_httpcore_exceptions() -&gt; typing.Iterator[None]:
        global HTTPCORE_EXC_MAP
        if len(HTTPCORE_EXC_MAP) == 0:
            HTTPCORE_EXC_MAP = _load_httpcore_exceptions()
        try:
            yield
        except Exception as exc:
            mapped_exc = None
    
            for from_exc, to_exc in HTTPCORE_EXC_MAP.items():
                if not isinstance(exc, from_exc):
                    continue
                # We want to map to the most specific exception we can find.
                # Eg if `exc` is an `httpcore.ReadTimeout`, we want to map to
                # `httpx.ReadTimeout`, not just `httpx.TimeoutException`.
                if mapped_exc is None or issubclass(to_exc, mapped_exc):
                    mapped_exc = to_exc
    
            if mapped_exc is None:  # pragma: no cover
                raise
    
            message = str(exc)
&gt;           raise mapped_exc(message) from exc
E           httpx.ConnectError: [Errno 111] Connection refused

[...]
    raise exc
.venv-api/lib/python3.11/site-packages/httpcore/_sync/connection.py:78: in handle_request
    stream = self._connect(request)
             ^^^^^^^^^^^^^^^^^^^^^^
.venv-api/lib/python3.11/site-packages/httpcore/_sync/connection.py:124: in _connect
    stream = self._network_backend.connect_tcp(**kwargs)
             ^^^^^^^^^^^^^^^^^^^^^^^^^^^^^^^^^^^^^^^^^^^
.venv-api/lib/python3.11/site-packages/httpcore/_backends/sync.py:207: in connect_tcp
    with map_exceptions(exc_map):
/usr/lib/python3.11/contextlib.py:158: in __exit__
    self.gen.throw(typ, value, traceback)
_ _ _ _ _ _ _ _ _ _ _ _ _ _ _ _ _ _ _ _ _ _ _ _ _ _ _ _ _ _ _ _ _ _ _ _ _ _ _ _ 

map = {&lt;class 'TimeoutError'&gt;: &lt;class 'httpcore.ConnectTimeout'&gt;, &lt;class 'OSError'&gt;: &lt;class 'httpcore.ConnectError'&gt;}

    @contextlib.contextmanager
    def map_exceptions(map: ExceptionMapping) -&gt; typing.Iterator[None]:
        try:
            yield
        except Exception as exc:  # noqa: PIE786
            for from_exc, to_exc in map.items():
                if isinstance(exc, from_exc):
&gt;                   raise to_exc(exc) from exc
E                   httpcore.ConnectError: [Errno 111] Connection refused

.venv-api/lib/python3.11/site-packages/httpcore/_exceptions.py:14: ConnectError

The above exception was the direct cause of the following exception:

client = &lt;httpx.Client object at 0x7f3619ecc310&gt;

    def test_delete_unknown_id_returns_404(client):
&gt;       res = client.delete("/api/items/999999999")
              ^^^^^^^^^^^^^^^^^^^^^^^^^^^^^^^^^^^^^

tests/api/test_items_contract.py:408: 
_ _ _ _ _ _ _ _ _ _ _ _ _ _ _ _ _ _ _ _ _ _ _ _ _ _ _ _ _ _ _ _ _ _ _ _ _ _ _ _ 
.venv-api/lib/python3.11/site-packages/httpx/_client.py:1251: in delete
    return self.request(
.venv-api/lib/python3.11/site-packages/httpx/_client.py:825: in request
    return self.send(request, auth=auth, follow_redirects=follow_redirects)
           ^^^^^^^^^^^^^^^^^^^^^^^^^^^^^^^^^^^^^^^^^^^^^^^^^^^^^^^^^^^^^^^^
.venv-api/lib/python3.11/site-packages/httpx/_client.py:914: in send
    response = self._send_handling_auth(
.venv-api/lib/python3.11/site-packages/httpx/_client.py:942: in _send_handling_auth
    response = self._send_handling_redirects(
.venv-api/lib/python3.11/site-packages/httpx/_client.py:979: in _send_handling_redirects
    response = self._send_single_request(request)
               ^^^^^^^^^^^^^^^^^^^^^^^^^^^^^^^^^^
.venv-api/lib/python3.11/site-packages/httpx/_client.py:1014: in _send_single_request
    response = transport.handle_request(request)
               ^^^^^^^^^^^^^^^^^^^^^^^^^^^^^^^^^
.venv-api/lib/python3.11/site-packages/httpx/_transports/default.py:249: in handle_request
    with map_httpcore_exceptions():
/usr/lib/python3.11/contextlib.py:158: in __exit__
    self.gen.throw(typ, value, traceback)
_ _ _ _ _ _ _ _ _ _ _ _ _ _ _ _ _ _ _ _ _ _ _ _ _ _ _ _ _ _ _ _ _ _ _ _ _ _ _ _ 

    @contextlib.contextmanager
    def map_httpcore_exceptions() -&gt; typing.Iterator[None]:
        global HTTPCORE_EXC_MAP
        if len(HTTPCORE_EXC_MAP) == 0:
            HTTPCORE_EXC_MAP = _load_httpcore_exceptions()
        try:
            yield
        except Exception as exc:
            mapped_exc = None
    
            for from_exc, to_exc in HTTPCORE_EXC_MAP.items():
                if not isinstance(exc, from_exc):
                    continue
                # We want to map to the most specific exception we can find.
                # Eg if `exc` is an `httpcore.ReadTimeout`, we want to map to
                # `httpx.ReadTimeout`, not just `httpx.TimeoutException`.
                if mapped_exc is None or issubclass(to_exc, mapped_exc):
                    mapped_exc = to_exc
    
            if mapped_exc is None:  # pragma: no cover
                raise
    
            message = str(exc)
&gt;           raise mapped_exc(message) from exc
E           httpx.ConnectError: [Errno 111] Connection refused

.venv-api/lib/python3.11/site-packages/httpx/_transports/default.py:118: ConnectError</failure></testcase><testcase classname="tests.api.test_items_contract" name="test_delete_non_numeric_id_returns_422" time="0.020"><failure message="httpx.ConnectError: [Errno 111] Connection refused">@contextlib.contextmanager
    def map_httpcore_exceptions() -&gt; typing.Iterator[None]:
        global HTTPCORE_EXC_MAP
        if len(HTTPCORE_EXC_MAP) == 0:
            HTTPCORE_EXC_MAP = _load_httpcore_exceptions()
        try:
&gt;           yield

.venv-api/lib/python3.11/site-packages/httpx/_transports/default.py:101: 
_ _ _ _ _ _ _ _ _ _ _ _ _ _ _ _ _ _ _ _ _ _ _ _ _ _ _ _ _ _ _ _ _ _ _ _ _ _ _ _ 
.venv-api/lib/python3.11/site-packages/httpx/_transports/default.py:250: in handle_request
    resp = self._pool.handle_request(req)
           ^^^^^^^^^^^^^^^^^^^^^^^^^^^^^^
.venv-api/lib/python3.11/site-packages/httpcore/_sync/connection_pool.py:256: in handle_request
    raise exc from None
.venv-api/lib/python3.11/site-packages/httpcore/_sync/connection_pool.py:236: in handle_request
    response = connection.handle_request(
.venv-api/lib/python3.11/site-packages/httpcore/_sync/connection.py:101: in handle_request
    raise exc
.venv-api/lib/python3.11/site-packages/httpcore/_sync/connection.py:78: in handle_request
    stream = self._connect(request)
             ^^^^^^^^^^^^^^^^^^^^^^
.venv-api/lib/python3.11/site-packages/httpcore/_sync/connection.py:124: in _connect
    stream = self._network_backend.connect_tcp(**kwargs)
             ^^^^^^^^^^^^^^^^^^^^^^^^^^^^^^^^^^^^^^^^^^^
.venv-api/lib/python3.11/site-packages/httpcore/_backends/sync.py:207: in connect_tcp
    with map_exceptions(exc_map):
/usr/lib/python3.11/contextlib.py:158: in __exit__
    self.gen.throw(typ, value, traceback)
_ _ _ _ _ _ _ _ _ _ _ _ _ _ _ _ _ _ _ _ _ _ _ _ _ _ _ _ _ _ _ _ _ _ _ _ _ _ _ _ 

map = {&lt;class 'TimeoutError'&gt;: &lt;class 'httpcore.ConnectTimeout'&gt;, &lt;class 'OSError'&gt;: &lt;class 'httpcore.ConnectError'&gt;}

    @contextlib.contextmanager
    def map_exceptions(map: ExceptionMapping) -&gt; typing.Iterator[None]:
        try:
            yield
        except Exception as exc:  # noqa: PIE786
            for from_exc, to_exc in map.items():
                if isinstance(exc, from_exc):
&gt;                   raise to_exc(exc) from exc
E                   httpcore.ConnectError: [Errno 111] Connection refused

.venv-api/lib/python3.11/site-packages/httpcore/_exceptions.py:14: ConnectError

The above exception was the direct cause of the following exception:

client = &lt;httpx.Client object at 0x7f3619badc10&gt;

    def test_delete_non_numeric_id_returns_422(client):
&gt;       res = client.delete("/api/items/not-a-number")
              ^^^^^^^^^^^^^^^^^^^^^^^^^^^^^^^^^^^^^^^^

tests/api/test_items_contract.py:413: 
_ _ _ _ _ _ _ _ _ _ _ _ _ _ _ _ _ _ _ _ _ _ _ _ _ _ _ _ _ _ _ _ _ _ _ _ _ _ _ _ 
.venv-api/lib/python3.11/site-packages/httpx/_client.py:1251: in delete
    return self.request(
.venv-api/lib/python3.11/site-packages/httpx/_client.py:825: in request
    return self.send(request, auth=auth, follow_redirects=follow_redirects)
           ^^^^^^^^^^^^^^^^^^^^^^^^^^^^^^^^^^^^^^^^^^^^^^^^^^^^^^^^^^^^^^^^
.venv-api/lib/python3.11/site-packages/httpx/_client.py:914: in send
    response = self._send_handling_auth(
.venv-api/lib/python3.11/site-packages/httpx/_client.py:942: in _send_handling_auth
    response = self._send_handling_redirects(
.venv-api/lib/python3.11/site-packages/httpx/_client.py:979: in _send_handling_redirects
    response = self._send_single_request(request)
               ^^^^^^^^^^^^^^^^^^^^^^^^^^^^^^^^^^
.venv-api/lib/python3.11/site-packages/httpx/_client.py:1014: in _send_single_request
    response = transport.handle_request(request)
               ^^^^^^^^^^^^^^^^^^^^^^^^^^^^^^^^^
.venv-api/lib/python3.11/site-packages/httpx/_transports/default.py:249: in handle_request
    with map_httpcore_exceptions():
/usr/lib/python3.11/contextlib.py:158: in __exit__
    self.gen.throw(typ, value, traceback)
_ _ _ _ _ _ _ _ _ _ _ _ _ _ _ _ _ _ _ _ _ _ _ _ _ _ _ _ _ _ _ _ _ _ _ _ _ _ _ _ 

    @contextlib.contextmanager
    def map_httpcore_exceptions() -&gt; typing.Iterator[None]:
        global HTTPCORE_EXC_MAP
        if len(HTTPCORE_EXC_MAP) == 0:
            HTTPCORE_EXC_MAP = _load_httpcore_exceptions()
        try:
            yield
        except Exception as exc:
            mapped_exc = None
    
            for from_exc, to_exc in HTTPCORE_EXC_MAP.items():
                if not isinstance(exc, from_exc):
                    continue
                # We want to map to the most specific exception we can find.
                # Eg if `exc` is an `httpcore.ReadTimeout`, we want to map to
                # `httpx.ReadTimeout`, not just `httpx.TimeoutException`.
                if mapped_exc is None or issubclass(to_exc, mapped_exc):
                    mapped_exc = to_exc
    
            if mapped_exc is None:  # pragma: no cover
                raise
    
            message = str(exc)
&gt;           raise mapped_exc(message) from exc
E           httpx.ConnectError: [Errno 111] Connection refused

.venv-api/lib/python3.11/site-packages/httpx/_transports/default.py:118: ConnectError</failure></testcase><testcase classname="tests.api.test_request_id" name="test_the_response_carries_a_request_id" time="0.020"><failure message="httpx.ConnectError: [Errno 111] Connection refused">@contextlib.contextmanager
    def map_httpcore_exceptions() -&gt; typing.Iterator[None]:
        global HTTPCORE_EXC_MAP
        if len(HTTPCORE_EXC_MAP) == 0:
            HTTPCORE_EXC_MAP = _load_httpcore_exceptions()
        try:
&gt;           yield

.venv-api/lib/python3.11/site-packages/httpx/_transports/default.py:101: 
_ _ _ _ _ _ _ _ _ _ _ _ _ _ _ _ _ _ _ _ _ _ _ _ _ _ _ _ _ _ _ _ _ _ _ _ _ _ _ _ 
.venv-api/lib/python3.11/site-packages/httpx/_transports/default.py:250: in handle_request
    resp = self._pool.handle_request(req)
           ^^^^^^^^^^^^^^^^^^^^^^^^^^^^^^
.venv-api/lib/python3.11/site-packages/httpcore/_sync/connection_pool.py:256: in handle_request
    raise exc from None
.venv-api/lib/python3.11/site-packages/httpcore/_sync/connection_pool.py:236: in handle_request
    response = connection.handle_request(
.venv-api/lib/python3.11/site-packages/httpcore/_sync/connection.py:101: in handle_request
    raise exc
.venv-api/lib/python3.11/site-packages/httpcore/_sync/connection.py:78: in handle_request
    stream = self._connect(request)
             ^^^^^^^^^^^^^^^^^^^^^^
.venv-api/lib/python3.11/site-packages/httpcore/_sync/connection.py:124: in _connect
    stream = self._network_backend.connect_tcp(**kwargs)
             ^^^^^^^^^^^^^^^^^^^^^^^^^^^^^^^^^^^^^^^^^^^
.venv-api/lib/python3.11/site-packages/httpcore/_backends/sync.py:207: in connect_tcp
    with map_exceptions(exc_map):
/usr/lib/python3.11/contextlib.py:158: in __exit__
    self.gen.throw(typ, value, traceback)
_ _ _ _ _ _ _ _ _ _ _ _ _ _ _ _ _ _ _ _ _ _ _ _ _ _ _ _ _ _ _ _ _ _ _ _ _ _ _ _ 

map = {&lt;class 'TimeoutError'&gt;: &lt;class 'httpcore.ConnectTimeout'&gt;, &lt;class 'OSError'&gt;: &lt;class 'httpcore.ConnectError'&gt;}

    @contextlib.contextmanager
    def map_exceptions(map: ExceptionMapping) -&gt; typing.Iterator[None]:
        try:
            yield
        except Exception as exc:  # noqa: PIE786
            for from_exc, to_exc in map.items():
                if isinstance(exc, from_exc):
&gt;                   raise to_exc(exc) from exc
E                   httpcore.ConnectError: [Errno 111] Connection refused

.venv-api/lib/python3.11/site-packages/httpcore/_exceptions.py:14: ConnectError

The above exception was the direct cause of the following exception:

client = &lt;httpx.Client object at 0x7f3619ce1990&gt;

    def test_the_response_carries_a_request_id(client: httpx.Client):
&gt;       response = client.get("/api/health")
                   ^^^^^^^^^^^^^^^^^^^^^^^^^

tests/api/test_request_id.py:14: 
_ _ _ _ _ _ _ _ _ _ _ _ _ _ _ _ _ _ _ _ _ _ _ _ _ _ _ _ _ _ _ _ _ _ _ _ _ _ _ _ 
.venv-api/lib/python3.11/site-packages/httpx/_client.py:1053: in get
    return self.request(
.venv-api/lib/python3.11/site-packages/httpx/_client.py:825: in request
    return self.send(request, auth=auth, follow_redirects=follow_redirects)
           ^^^^^^^^^^^^^^^^^^^^^^^^^^^^^^^^^^^^^^^^^^^^^^^^^^^^^^^^^^^^^^^^
.venv-api/lib/python3.11/site-packages/httpx/_client.py:914: in send
    response = self._send_handling_auth(
.venv-api/lib/python3.11/site-packages/httpx/_client.py:942: in _send_handling_auth
    response = self._send_handling_redirects(
.venv-api/lib/python3.11/site-packages/httpx/_client.py:979: in _send_handling_redirects
    response = self._send_single_request(request)
               ^^^^^^^^^^^^^^^^^^^^^^^^^^^^^^^^^^
.venv-api/lib/python3.11/site-packages/httpx/_client.py:1014: in _send_single_request
    response = transport.handle_request(request)
               ^^^^^^^^^^^^^^^^^^^^^^^^^^^^^^^^^
.venv-api/lib/python3.11/site-packages/httpx/_transports/default.py:249: in handle_request
    with map_httpcore_exceptions():
/usr/lib/python3.11/contextlib.py:158: in __exit__
    self.gen.throw(typ, value, traceback)
_ _ _ _ _ _ _ _ _ _ _ _ _ _ _ _ _ _ _ _ _ _ _ _ _ _ _ _ _ _ _ _ _ _ _ _ _ _ _ _ 

    @contextlib.contextmanager
    def map_httpcore_exceptions() -&gt; typing.Iterator[None]:
        global HTTPCORE_EXC_MAP
        if len(HTTPCORE_EXC_MAP) == 0:
            HTTPCORE_EXC_MAP = _load_httpcore_exceptions()
        try:
            yield
        except Exception as exc:
            mapped_exc = None
    
            for from_exc, to_exc in HTTPCORE_EXC_MAP.items():
                if not isinstance(exc, from_exc):
                    continue
                # We want to map to the most specific exception we can find.
                # Eg if `exc` is an `httpcore.ReadTimeout`, we want to map to
                # `httpx.ReadTimeout`, not just `httpx.TimeoutException`.
                if mapped_exc is None or issubclass(to_exc, mapped_exc):
                    mapped_exc = to_exc
    
            if mapped_exc is None:  # pragma: no cover
                raise
    
            message = str(exc)
&gt;           raise mapped_exc(message) from exc
E           httpx.ConnectError: [Errno 111] Connection refused

.venv-api/lib/python3.11/site-packages/httpx/_transports/default.py:118: ConnectError</failure></testcase><testcase classname="tests.api.test_request_id" name="test_an_inbound_request_id_comes_back_unchanged" time="0.019"><failure message="httpx.ConnectError: [Errno 111] Connection refused">@contextlib.contextmanager
    def map_httpcore_exceptions() -&gt; typing.Iterator[None]:
        global HTTPCORE_EXC_MAP
        if len(HTTPCORE_EXC_MAP) == 0:
            HTTPCORE_EXC_MAP = _load_httpcore_exceptions()
        try:
&gt;           yield

.venv-api/lib/python3.11/site-packages/httpx/_transports/default.py:101: 
_ _ _ _ _ _ _ _ _ _ _ _ _ _ _ _ _ _ _ _ _ _ _ _ _ _ _ _ _ _ _ _ _ _ _ _ _ _ _ _ 
.venv-api/lib/python3.11/site-packages/httpx/_transports/default.py:250: in handle_request
    resp = self._pool.handle_request(req)
           ^^^^^^^^^^^^^^^^^^^^^^^^^^^^^^
.venv-api/lib/python3.11/site-packages/httpcore/_sync/connection_pool.py:256: in handle_request
    raise exc from None
.venv-api/lib/python3.11/site-packages/httpcore/_sync/connection_pool.py:236: in handle_request
    response = connection.handle_request(
.venv-api/lib/python3.11/site-packages/httpcore/_sync/connection.py:101: in handle_request
    raise exc
.venv-api/lib/python3.11/site-packages/httpcore/_sync/connection.py:78: in handle_request
    stream = self._connect(request)
             ^^^^^^^^^^^^^^^^^^^^^^
.venv-api/lib/python3.11/site-packages/httpcore/_sync/connection.py:124: in _connect
    stream = self._network_backend.connect_tcp(**kwargs)
             ^^^^^^^^^^^^^^^^^^^^^^^^^^^^^^^^^^^^^^^^^^^
.venv-api/lib/python3.11/site-packages/httpcore/_backends/sync.py:207: in connect_tcp
    with map_exceptions(exc_map):
/usr/lib/python3.11/contextlib.py:158: in __exit__
    self.gen.throw(typ, value, traceback)
_ _ _ _ _ _ _ _ _ _ _ _ _ _ _ _ _ _ _ _ _ _ _ _ _ _ _ _ _ _ _ _ _ _ _ _ _ _ _ _ 

map = {&lt;class 'TimeoutError'&gt;: &lt;class 'httpcore.ConnectTimeout'&gt;, &lt;class 'OSError'&gt;: &lt;class 'httpcore.ConnectError'&gt;}

    @contextlib.contextmanager
    def map_exceptions(map: ExceptionMapping) -&gt; typing.Iterator[None]:
        try:
            yield
        except Exception as exc:  # noqa: PIE786
            for from_exc, to_exc in map.items():
                if isinstance(exc, from_exc):
&gt;                   raise to_exc(exc) from exc
E                   httpcore.ConnectError: [Errno 111] Connection refused

.venv-api/lib/python3.11/site-packages/httpcore/_exceptions.py:14: ConnectError

The above exception was the direct cause of the following exception:

client = &lt;httpx.Client object at 0x7f3619f0b590&gt;

    def test_an_inbound_request_id_comes_back_unchanged(client: httpx.Client):
        """A caller that names its request can find that name in CloudWatch."""
        given = "contract-suite-chosen-id"
    
&gt;       response = client.get("/api/health", headers={REQUEST_ID_HEADER: given})
                   ^^^^^^^^^^^^^^^^^^^^^^^^^^^^^^^^^^^^^^^^^^^^^^^^^^^^^^^^^^^^^

tests/api/test_request_id.py:27: 
_ _ _ _ _ _ _ _ _ _ _ _ _ _ _ _ _ _ _ _ _ _ _ _ _ _ _ _ _ _ _ _ _ _ _ _ _ _ _ _ 
.venv-api/lib/python3.11/site-packages/httpx/_client.py:1053: in get
    return self.request(
.venv-api/lib/python3.11/site-packages/httpx/_client.py:825: in request
    return self.send(request, auth=auth, follow_redirects=follow_redirects)
           ^^^^^^^^^^^^^^^^^^^^^^^^^^^^^^^^^^^^^^^^^^^^^^^^^^^^^^^^^^^^^^^^
.venv-api/lib/python3.11/site-packages/httpx/_client.py:914: in send
    response = self._send_handling_auth(
.venv-api/lib/python3.11/site-packages/httpx/_client.py:942: in _send_handling_auth
    response = self._send_handling_redirects(
.venv-api/lib/python3.11/site-packages/httpx/_client.py:979: in _send_handling_redirects
    response = self._send_single_request(request)
               ^^^^^^^^^^^^^^^^^^^^^^^^^^^^^^^^^^
.venv-api/lib/python3.11/site-packages/httpx/_client.py:1014: in _send_single_request
    response = transport.handle_request(request)
               ^^^^^^^^^^^^^^^^^^^^^^^^^^^^^^^^^
.venv-api/lib/python3.11/site-packages/httpx/_transports/default.py:249: in handle_request
    with map_httpcore_exceptions():
/usr/lib/python3.11/contextlib.py:158: in __exit__
    self.gen.throw(typ, value, traceback)
_ _ _ _ _ _ _ _ _ _ _ _ _ _ _ _ _ _ _ _ _ _ _ _ _ _ _ _ _ _ _ _ _ _ _ _ _ _ _ _ 

    @contextlib.contextmanager
    def map_httpcore_exceptions() -&gt; typing.Iterator[None]:
        global HTTPCORE_EXC_MAP
        if len(HTTPCORE_EXC_MAP) == 0:
            HTTPCORE_EXC_MAP = _load_httpcore_exceptions()
        try:
            yield
        except Exception as exc:
            mapped_exc = None
    
            for from_exc, to_exc in HTTPCORE_EXC_MAP.items():
                if not isinstance(exc, from_exc):
                    continue
                # We want to map to the most specific exception we can find.
                # Eg if `exc` is an `httpcore.ReadTimeout`, we want to map to
                # `httpx.ReadTimeout`, not just `httpx.TimeoutException`.
                if mapped_exc is None or issubclass(to_exc, mapped_exc):
                    mapped_exc = to_exc
    
            if mapped_exc is None:  # pragma: no cover
                raise
    
            message = str(exc)
&gt;           raise mapped_exc(message) from exc
E           httpx.ConnectError: [Errno 111] Connection refused

.venv-api/lib/python3.11/site-packages/httpx/_transports/default.py:118: ConnectError</failure></testcase></testsuite></testsuites>